
*** Running vivado
    with args -log donkey_kong_Debouncer_0_0.vds -m64 -product Vivado -mode batch -messageDb vivado.pb -notrace -source donkey_kong_Debouncer_0_0.tcl


****** Vivado v2017.3 (64-bit)
  **** SW Build 2018833 on Wed Oct  4 19:58:22 MDT 2017
  **** IP Build 2016188 on Wed Oct  4 21:52:56 MDT 2017
    ** Copyright 1986-2017 Xilinx, Inc. All Rights Reserved.

source donkey_kong_Debouncer_0_0.tcl -notrace
Command: synth_design -top donkey_kong_Debouncer_0_0 -part xc7z020clg484-1 -mode out_of_context
Starting synth_design
Attempting to get a license for feature 'Synthesis' and/or device 'xc7z020'
INFO: [Common 17-349] Got license for feature 'Synthesis' and/or device 'xc7z020'
INFO: Launching helper process for spawning children vivado processes
INFO: Helper process launched with PID 8548 
---------------------------------------------------------------------------------
Starting RTL Elaboration : Time (s): cpu = 00:00:05 ; elapsed = 00:00:05 . Memory (MB): peak = 404.684 ; gain = 97.934
---------------------------------------------------------------------------------
INFO: [Synth 8-638] synthesizing module 'donkey_kong_Debouncer_0_0' [c:/Users/slippman/DonkeyKong/DonkeyKong.srcs/sources_1/bd/donkey_kong/ip/donkey_kong_Debouncer_0_0/synth/donkey_kong_Debouncer_0_0.vhd:64]
	Parameter NUM_SIGNALS bound to: 7 - type: integer 
INFO: [Synth 8-3491] module 'Debouncer' declared at 'C:/Users/slippman/DonkeyKong/DonkeyKong.srcs/sources_1/imports/new/Debouncer.vhd:34' bound to instance 'U0' of component 'Debouncer' [c:/Users/slippman/DonkeyKong/DonkeyKong.srcs/sources_1/bd/donkey_kong/ip/donkey_kong_Debouncer_0_0/synth/donkey_kong_Debouncer_0_0.vhd:88]
INFO: [Synth 8-638] synthesizing module 'Debouncer' [C:/Users/slippman/DonkeyKong/DonkeyKong.srcs/sources_1/imports/new/Debouncer.vhd:43]
	Parameter NUM_SIGNALS bound to: 7 - type: integer 
INFO: [Synth 8-256] done synthesizing module 'Debouncer' (1#1) [C:/Users/slippman/DonkeyKong/DonkeyKong.srcs/sources_1/imports/new/Debouncer.vhd:43]
INFO: [Synth 8-256] done synthesizing module 'donkey_kong_Debouncer_0_0' (2#1) [c:/Users/slippman/DonkeyKong/DonkeyKong.srcs/sources_1/bd/donkey_kong/ip/donkey_kong_Debouncer_0_0/synth/donkey_kong_Debouncer_0_0.vhd:64]
---------------------------------------------------------------------------------
Finished RTL Elaboration : Time (s): cpu = 00:00:05 ; elapsed = 00:00:06 . Memory (MB): peak = 446.141 ; gain = 139.391
---------------------------------------------------------------------------------

Report Check Netlist: 
+------+------------------+-------+---------+-------+------------------+
|      |Item              |Errors |Warnings |Status |Description       |
+------+------------------+-------+---------+-------+------------------+
|1     |multi_driven_nets |      0|        0|Passed |Multi driven nets |
+------+------------------+-------+---------+-------+------------------+
---------------------------------------------------------------------------------
Finished RTL Optimization Phase 1 : Time (s): cpu = 00:00:05 ; elapsed = 00:00:06 . Memory (MB): peak = 446.141 ; gain = 139.391
---------------------------------------------------------------------------------
INFO: [Device 21-403] Loading part xc7z020clg484-1
INFO: [Project 1-570] Preparing netlist for logic optimization

Processing XDC Constraints
Initializing timing engine
Completed Processing XDC Constraints

INFO: [Project 1-111] Unisim Transformation Summary:
No Unisim elements were transformed.

Constraint Validation Runtime : Time (s): cpu = 00:00:00 ; elapsed = 00:00:00.016 . Memory (MB): peak = 768.750 ; gain = 0.000
---------------------------------------------------------------------------------
Finished Constraint Validation : Time (s): cpu = 00:00:15 ; elapsed = 00:00:40 . Memory (MB): peak = 768.750 ; gain = 462.000
---------------------------------------------------------------------------------
---------------------------------------------------------------------------------
Start Loading Part and Timing Information
---------------------------------------------------------------------------------
Loading part: xc7z020clg484-1
---------------------------------------------------------------------------------
Finished Loading Part and Timing Information : Time (s): cpu = 00:00:15 ; elapsed = 00:00:40 . Memory (MB): peak = 768.750 ; gain = 462.000
---------------------------------------------------------------------------------
---------------------------------------------------------------------------------
Start Applying 'set_property' XDC Constraints
---------------------------------------------------------------------------------
---------------------------------------------------------------------------------
Finished applying 'set_property' XDC Constraints : Time (s): cpu = 00:00:15 ; elapsed = 00:00:40 . Memory (MB): peak = 768.750 ; gain = 462.000
---------------------------------------------------------------------------------
WARNING: [Synth 8-6014] Unused sequential element counter_reg[0] was removed.  [C:/Users/slippman/DonkeyKong/DonkeyKong.srcs/sources_1/imports/new/Debouncer.vhd:65]
WARNING: [Synth 8-6014] Unused sequential element counter_reg[1] was removed.  [C:/Users/slippman/DonkeyKong/DonkeyKong.srcs/sources_1/imports/new/Debouncer.vhd:65]
WARNING: [Synth 8-6014] Unused sequential element counter_reg[2] was removed.  [C:/Users/slippman/DonkeyKong/DonkeyKong.srcs/sources_1/imports/new/Debouncer.vhd:65]
WARNING: [Synth 8-6014] Unused sequential element counter_reg[3] was removed.  [C:/Users/slippman/DonkeyKong/DonkeyKong.srcs/sources_1/imports/new/Debouncer.vhd:65]
WARNING: [Synth 8-6014] Unused sequential element counter_reg[4] was removed.  [C:/Users/slippman/DonkeyKong/DonkeyKong.srcs/sources_1/imports/new/Debouncer.vhd:65]
WARNING: [Synth 8-6014] Unused sequential element counter_reg[5] was removed.  [C:/Users/slippman/DonkeyKong/DonkeyKong.srcs/sources_1/imports/new/Debouncer.vhd:65]
WARNING: [Synth 8-6014] Unused sequential element counter_reg[6] was removed.  [C:/Users/slippman/DonkeyKong/DonkeyKong.srcs/sources_1/imports/new/Debouncer.vhd:65]
---------------------------------------------------------------------------------
Finished RTL Optimization Phase 2 : Time (s): cpu = 00:00:15 ; elapsed = 00:00:40 . Memory (MB): peak = 768.750 ; gain = 462.000
---------------------------------------------------------------------------------

Report RTL Partitions: 
+-+--------------+------------+----------+
| |RTL Partition |Replication |Instances |
+-+--------------+------------+----------+
+-+--------------+------------+----------+
---------------------------------------------------------------------------------
Start RTL Component Statistics 
---------------------------------------------------------------------------------
Detailed RTL Component Info : 
+---XORs : 
	   2 Input      1 Bit         XORs := 7     
+---Registers : 
	                7 Bit    Registers := 3     
---------------------------------------------------------------------------------
Finished RTL Component Statistics 
---------------------------------------------------------------------------------
---------------------------------------------------------------------------------
Start RTL Hierarchical Component Statistics 
---------------------------------------------------------------------------------
Hierarchical RTL Component report 
Module Debouncer 
Detailed RTL Component Info : 
+---XORs : 
	   2 Input      1 Bit         XORs := 7     
+---Registers : 
	                7 Bit    Registers := 3     
---------------------------------------------------------------------------------
Finished RTL Hierarchical Component Statistics
---------------------------------------------------------------------------------
---------------------------------------------------------------------------------
Start Part Resource Summary
---------------------------------------------------------------------------------
Part Resources:
DSPs: 220 (col length:60)
BRAMs: 280 (col length: RAMB18 60 RAMB36 30)
---------------------------------------------------------------------------------
Finished Part Resource Summary
---------------------------------------------------------------------------------
---------------------------------------------------------------------------------
Start Cross Boundary and Area Optimization
---------------------------------------------------------------------------------
WARNING: [Synth 8-6014] Unused sequential element U0/counter_reg[0] was removed.  [C:/Users/slippman/DonkeyKong/DonkeyKong.srcs/sources_1/imports/new/Debouncer.vhd:65]
WARNING: [Synth 8-6014] Unused sequential element U0/counter_reg[1] was removed.  [C:/Users/slippman/DonkeyKong/DonkeyKong.srcs/sources_1/imports/new/Debouncer.vhd:65]
WARNING: [Synth 8-6014] Unused sequential element U0/counter_reg[2] was removed.  [C:/Users/slippman/DonkeyKong/DonkeyKong.srcs/sources_1/imports/new/Debouncer.vhd:65]
WARNING: [Synth 8-6014] Unused sequential element U0/counter_reg[3] was removed.  [C:/Users/slippman/DonkeyKong/DonkeyKong.srcs/sources_1/imports/new/Debouncer.vhd:65]
WARNING: [Synth 8-6014] Unused sequential element U0/counter_reg[4] was removed.  [C:/Users/slippman/DonkeyKong/DonkeyKong.srcs/sources_1/imports/new/Debouncer.vhd:65]
WARNING: [Synth 8-6014] Unused sequential element U0/counter_reg[5] was removed.  [C:/Users/slippman/DonkeyKong/DonkeyKong.srcs/sources_1/imports/new/Debouncer.vhd:65]
WARNING: [Synth 8-6014] Unused sequential element U0/counter_reg[6] was removed.  [C:/Users/slippman/DonkeyKong/DonkeyKong.srcs/sources_1/imports/new/Debouncer.vhd:65]
---------------------------------------------------------------------------------
Finished Cross Boundary and Area Optimization : Time (s): cpu = 00:00:16 ; elapsed = 00:00:41 . Memory (MB): peak = 768.750 ; gain = 462.000
---------------------------------------------------------------------------------

Report RTL Partitions: 
+-+--------------+------------+----------+
| |RTL Partition |Replication |Instances |
+-+--------------+------------+----------+
+-+--------------+------------+----------+
---------------------------------------------------------------------------------
Start Applying XDC Timing Constraints
---------------------------------------------------------------------------------
---------------------------------------------------------------------------------
Finished Applying XDC Timing Constraints : Time (s): cpu = 00:00:25 ; elapsed = 00:00:50 . Memory (MB): peak = 768.750 ; gain = 462.000
---------------------------------------------------------------------------------
---------------------------------------------------------------------------------
Start Timing Optimization
---------------------------------------------------------------------------------
---------------------------------------------------------------------------------
Finished Timing Optimization : Time (s): cpu = 00:00:25 ; elapsed = 00:00:50 . Memory (MB): peak = 768.750 ; gain = 462.000
---------------------------------------------------------------------------------

Report RTL Partitions: 
+-+--------------+------------+----------+
| |RTL Partition |Replication |Instances |
+-+--------------+------------+----------+
+-+--------------+------------+----------+
---------------------------------------------------------------------------------
Start Technology Mapping
---------------------------------------------------------------------------------
---------------------------------------------------------------------------------
Finished Technology Mapping : Time (s): cpu = 00:00:25 ; elapsed = 00:00:50 . Memory (MB): peak = 768.750 ; gain = 462.000
---------------------------------------------------------------------------------

Report RTL Partitions: 
+-+--------------+------------+----------+
| |RTL Partition |Replication |Instances |
+-+--------------+------------+----------+
+-+--------------+------------+----------+
---------------------------------------------------------------------------------
Start IO Insertion
---------------------------------------------------------------------------------
---------------------------------------------------------------------------------
Start Flattening Before IO Insertion
---------------------------------------------------------------------------------
---------------------------------------------------------------------------------
Finished Flattening Before IO Insertion
---------------------------------------------------------------------------------
---------------------------------------------------------------------------------
Start Final Netlist Cleanup
---------------------------------------------------------------------------------
---------------------------------------------------------------------------------
Finished Final Netlist Cleanup
---------------------------------------------------------------------------------
---------------------------------------------------------------------------------
Finished IO Insertion : Time (s): cpu = 00:00:26 ; elapsed = 00:00:51 . Memory (MB): peak = 768.750 ; gain = 462.000
---------------------------------------------------------------------------------

Report Check Netlist: 
+------+------------------+-------+---------+-------+------------------+
|      |Item              |Errors |Warnings |Status |Description       |
+------+------------------+-------+---------+-------+------------------+
|1     |multi_driven_nets |      0|        0|Passed |Multi driven nets |
+------+------------------+-------+---------+-------+------------------+
---------------------------------------------------------------------------------
Start Renaming Generated Instances
---------------------------------------------------------------------------------
---------------------------------------------------------------------------------
Finished Renaming Generated Instances : Time (s): cpu = 00:00:26 ; elapsed = 00:00:51 . Memory (MB): peak = 768.750 ; gain = 462.000
---------------------------------------------------------------------------------

Report RTL Partitions: 
+-+--------------+------------+----------+
| |RTL Partition |Replication |Instances |
+-+--------------+------------+----------+
+-+--------------+------------+----------+
---------------------------------------------------------------------------------
Start Rebuilding User Hierarchy
---------------------------------------------------------------------------------
---------------------------------------------------------------------------------
Finished Rebuilding User Hierarchy : Time (s): cpu = 00:00:26 ; elapsed = 00:00:51 . Memory (MB): peak = 768.750 ; gain = 462.000
---------------------------------------------------------------------------------
---------------------------------------------------------------------------------
Start Renaming Generated Ports
---------------------------------------------------------------------------------
---------------------------------------------------------------------------------
Finished Renaming Generated Ports : Time (s): cpu = 00:00:26 ; elapsed = 00:00:51 . Memory (MB): peak = 768.750 ; gain = 462.000
---------------------------------------------------------------------------------
---------------------------------------------------------------------------------
Start Handling Custom Attributes
---------------------------------------------------------------------------------
---------------------------------------------------------------------------------
Finished Handling Custom Attributes : Time (s): cpu = 00:00:26 ; elapsed = 00:00:51 . Memory (MB): peak = 768.750 ; gain = 462.000
---------------------------------------------------------------------------------
---------------------------------------------------------------------------------
Start Renaming Generated Nets
---------------------------------------------------------------------------------
---------------------------------------------------------------------------------
Finished Renaming Generated Nets : Time (s): cpu = 00:00:26 ; elapsed = 00:00:51 . Memory (MB): peak = 768.750 ; gain = 462.000
---------------------------------------------------------------------------------
---------------------------------------------------------------------------------
Start Writing Synthesis Report
---------------------------------------------------------------------------------

Report BlackBoxes: 
+-+--------------+----------+
| |BlackBox name |Instances |
+-+--------------+----------+
+-+--------------+----------+

Report Cell Usage: 
+------+-------+------+
|      |Cell   |Count |
+------+-------+------+
|1     |CARRY4 |    35|
|2     |LUT1   |    14|
|3     |LUT2   |     7|
|4     |LUT4   |     7|
|5     |FDRE   |   161|
+------+-------+------+

Report Instance Areas: 
+------+---------+----------+------+
|      |Instance |Module    |Cells |
+------+---------+----------+------+
|1     |top      |          |   224|
|2     |  U0     |Debouncer |   224|
+------+---------+----------+------+
---------------------------------------------------------------------------------
Finished Writing Synthesis Report : Time (s): cpu = 00:00:26 ; elapsed = 00:00:51 . Memory (MB): peak = 768.750 ; gain = 462.000
---------------------------------------------------------------------------------
Synthesis finished with 0 errors, 0 critical warnings and 14 warnings.
Synthesis Optimization Runtime : Time (s): cpu = 00:00:16 ; elapsed = 00:00:22 . Memory (MB): peak = 768.750 ; gain = 139.391
Synthesis Optimization Complete : Time (s): cpu = 00:00:26 ; elapsed = 00:00:51 . Memory (MB): peak = 768.750 ; gain = 462.000
INFO: [Project 1-571] Translating synthesized netlist
INFO: [Netlist 29-17] Analyzing 35 Unisim elements for replacement
INFO: [Netlist 29-28] Unisim Transformation completed in 0 CPU seconds
INFO: [Project 1-570] Preparing netlist for logic optimization
INFO: [Opt 31-138] Pushed 0 inverter(s) to 0 load pin(s).
INFO: [Project 1-111] Unisim Transformation Summary:
No Unisim elements were transformed.

INFO: [Common 17-83] Releasing license: Synthesis
16 Infos, 14 Warnings, 0 Critical Warnings and 0 Errors encountered.
synth_design completed successfully
synth_design: Time (s): cpu = 00:00:27 ; elapsed = 00:00:52 . Memory (MB): peak = 768.750 ; gain = 468.391
INFO: [Common 17-1381] The checkpoint 'C:/Users/slippman/DonkeyKong/DonkeyKong.runs/donkey_kong_Debouncer_0_0_synth_1/donkey_kong_Debouncer_0_0.dcp' has been generated.
INFO: [Common 17-1381] The checkpoint 'C:/Users/slippman/DonkeyKong/DonkeyKong.runs/donkey_kong_Debouncer_0_0_synth_1/donkey_kong_Debouncer_0_0.dcp' has been generated.
INFO: [runtcl-4] Executing : report_utilization -file donkey_kong_Debouncer_0_0_utilization_synth.rpt -pb donkey_kong_Debouncer_0_0_utilization_synth.pb
report_utilization: Time (s): cpu = 00:00:00 ; elapsed = 00:00:00.040 . Memory (MB): peak = 768.750 ; gain = 0.000
INFO: [Common 17-206] Exiting Vivado at Wed Mar  7 15:19:14 2018...
