
*** Running vivado
    with args -log donkey_kong_xlconcat_0_0.vds -m64 -product Vivado -mode batch -messageDb vivado.pb -notrace -source donkey_kong_xlconcat_0_0.tcl


****** Vivado v2017.3 (64-bit)
  **** SW Build 2018833 on Wed Oct  4 19:58:22 MDT 2017
  **** IP Build 2016188 on Wed Oct  4 21:52:56 MDT 2017
    ** Copyright 1986-2017 Xilinx, Inc. All Rights Reserved.

source donkey_kong_xlconcat_0_0.tcl -notrace
Starting RTL Elaboration : Time (s): cpu = 00:00:05 ; elapsed = 00:00:06 . Memory (MB): peak = 404.262 ; gain = 95.418
INFO: [Synth 8-638] synthesizing module 'donkey_kong_xlconcat_0_0' [c:/Users/slippman/DonkeyKong/DonkeyKong.srcs/sources_1/bd/donkey_kong/ip/donkey_kong_xlconcat_0_0/synth/donkey_kong_xlconcat_0_0.v:58]
INFO: [Synth 8-638] synthesizing module 'xlconcat_v2_1_1_xlconcat' [c:/Users/slippman/DonkeyKong/DonkeyKong.srcs/sources_1/bd/donkey_kong/ipshared/2f66/hdl/xlconcat_v2_1_vl_rfs.v:14]
INFO: [Synth 8-256] done synthesizing module 'xlconcat_v2_1_1_xlconcat' (1#1) [c:/Users/slippman/DonkeyKong/DonkeyKong.srcs/sources_1/bd/donkey_kong/ipshared/2f66/hdl/xlconcat_v2_1_vl_rfs.v:14]
INFO: [Synth 8-256] done synthesizing module 'donkey_kong_xlconcat_0_0' (2#1) [c:/Users/slippman/DonkeyKong/DonkeyKong.srcs/sources_1/bd/donkey_kong/ip/donkey_kong_xlconcat_0_0/synth/donkey_kong_xlconcat_0_0.v:58]
Finished RTL Elaboration : Time (s): cpu = 00:00:06 ; elapsed = 00:00:07 . Memory (MB): peak = 446.719 ; gain = 137.875
Finished RTL Optimization Phase 1 : Time (s): cpu = 00:00:06 ; elapsed = 00:00:07 . Memory (MB): peak = 446.719 ; gain = 137.875
INFO: [Device 21-403] Loading part xc7z020clg484-1
Constraint Validation Runtime : Time (s): cpu = 00:00:00 ; elapsed = 00:00:00.011 . Memory (MB): peak = 678.641 ; gain = 0.000
Finished Constraint Validation : Time (s): cpu = 00:00:16 ; elapsed = 00:00:41 . Memory (MB): peak = 678.641 ; gain = 369.797
Finished Loading Part and Timing Information : Time (s): cpu = 00:00:16 ; elapsed = 00:00:41 . Memory (MB): peak = 678.641 ; gain = 369.797
Finished applying 'set_property' XDC Constraints : Time (s): cpu = 00:00:16 ; elapsed = 00:00:41 . Memory (MB): peak = 678.641 ; gain = 369.797
Finished RTL Optimization Phase 2 : Time (s): cpu = 00:00:16 ; elapsed = 00:00:41 . Memory (MB): peak = 678.641 ; gain = 369.797
Finished Cross Boundary and Area Optimization : Time (s): cpu = 00:00:17 ; elapsed = 00:00:42 . Memory (MB): peak = 678.641 ; gain = 369.797
Finished Applying XDC Timing Constraints : Time (s): cpu = 00:00:26 ; elapsed = 00:00:51 . Memory (MB): peak = 718.375 ; gain = 409.531
Finished Timing Optimization : Time (s): cpu = 00:00:26 ; elapsed = 00:00:51 . Memory (MB): peak = 718.375 ; gain = 409.531
Finished Technology Mapping : Time (s): cpu = 00:00:26 ; elapsed = 00:00:51 . Memory (MB): peak = 727.516 ; gain = 418.672
Finished IO Insertion : Time (s): cpu = 00:00:27 ; elapsed = 00:00:52 . Memory (MB): peak = 727.516 ; gain = 418.672
Finished Renaming Generated Instances : Time (s): cpu = 00:00:27 ; elapsed = 00:00:52 . Memory (MB): peak = 727.516 ; gain = 418.672
Finished Rebuilding User Hierarchy : Time (s): cpu = 00:00:27 ; elapsed = 00:00:52 . Memory (MB): peak = 727.516 ; gain = 418.672
Finished Renaming Generated Ports : Time (s): cpu = 00:00:27 ; elapsed = 00:00:52 . Memory (MB): peak = 727.516 ; gain = 418.672
Finished Handling Custom Attributes : Time (s): cpu = 00:00:27 ; elapsed = 00:00:52 . Memory (MB): peak = 727.516 ; gain = 418.672
Finished Renaming Generated Nets : Time (s): cpu = 00:00:27 ; elapsed = 00:00:52 . Memory (MB): peak = 727.516 ; gain = 418.672

Report Cell Usage: 
+-+-----+------+
| |Cell |Count |
+-+-----+------+
+-+-----+------+
Finished Writing Synthesis Report : Time (s): cpu = 00:00:27 ; elapsed = 00:00:52 . Memory (MB): peak = 727.516 ; gain = 418.672
synth_design: Time (s): cpu = 00:00:29 ; elapsed = 00:00:53 . Memory (MB): peak = 742.043 ; gain = 441.723
