Copyright 1986-2017 Xilinx, Inc. All Rights Reserved.
---------------------------------------------------------------------------------------
| Tool Version : Vivado v.2017.3 (win64) Build 2018833 Wed Oct  4 19:58:22 MDT 2017
| Date         : Mon Apr  2 20:06:10 2018
| Host         : ensc-pit-30 running 64-bit major release  (build 9200)
| Command      : report_control_sets -file donkey_kong_wrapper_control_sets_placed.rpt
| Design       : donkey_kong_wrapper
| Device       : xc7z020
---------------------------------------------------------------------------------------

Control Set Information

Table of Contents
-----------------
1. Summary
2. Flip-Flop Distribution

1. Summary
----------

+-------------------------------+-------+
|             Status            | Count |
+-------------------------------+-------+
| Number of unique control sets |   199 |
+-------------------------------+-------+


2. Flip-Flop Distribution
-------------------------

+--------------+-----------------------+------------------------+-----------------+--------------+
| Clock Enable | Synchronous Set/Reset | Asynchronous Set/Reset | Total Registers | Total Slices |
+--------------+-----------------------+------------------------+-----------------+--------------+
| No           | No                    | No                     |             788 |          273 |
| No           | No                    | Yes                    |               0 |            0 |
| No           | Yes                   | No                     |             466 |          188 |
| Yes          | No                    | No                     |            1200 |          318 |
| Yes          | No                    | Yes                    |               0 |            0 |
| Yes          | Yes                   | No                     |            1853 |          521 |
+--------------+-----------------------+------------------------+-----------------+--------------+


