#-----------------------------------------------------------
# Vivado v2017.3 (64-bit)
# SW Build 2018833 on Wed Oct  4 19:58:22 MDT 2017
# IP Build 2016188 on Wed Oct  4 21:52:56 MDT 2017
# Start of session at: Tue Apr  3 15:39:08 2018
# Process ID: 8992
# Current directory: C:/Users/slippman/DonkeyKong
# Command line: vivado.exe -gui_launcher_event rodinguilauncherevent9564 C:\Users\slippman\DonkeyKong\DonkeyKong.xpr
# Log file: C:/Users/slippman/DonkeyKong/vivado.log
# Journal file: C:/Users/slippman/DonkeyKong\vivado.jou
#-----------------------------------------------------------
start_gui
open_project C:/Users/slippman/DonkeyKong/DonkeyKong.xpr
Scanning sources...
Finished scanning sources
INFO: [IP_Flow 19-234] Refreshing IP repositories
INFO: [IP_Flow 19-1700] Loaded user IP repository 'c:/Users/slippman/ip_repo'.
INFO: [IP_Flow 19-2313] Loaded Vivado IP repository 'C:/Xilinx/Vivado/2017.3/data/ip'.
WARNING: [IP_Flow 19-3664] IP 'donkey_kong_auto_pc_0' generated file not found 'c:/Users/slippman/DonkeyKong/DonkeyKong.srcs/sources_1/bd/donkey_kong/ip/donkey_kong_auto_pc_0/stats.txt'. Please regenerate to continue.
open_project: Time (s): cpu = 00:00:23 ; elapsed = 00:00:26 . Memory (MB): peak = 893.504 ; gain = 158.008
update_compile_order -fileset sources_1
launch_sdk -workspace C:/Users/slippman/DonkeyKong/DonkeyKong.sdk -hwspec C:/Users/slippman/DonkeyKong/DonkeyKong.sdk/donkey_kong_wrapper.hdf
INFO: [Vivado 12-393] Launching SDK...
INFO: [Vivado 12-417] Running xsdk -workspace C:/Users/slippman/DonkeyKong/DonkeyKong.sdk -hwspec C:/Users/slippman/DonkeyKong/DonkeyKong.sdk/donkey_kong_wrapper.hdf
INFO: [Vivado 12-3157] SDK launch initiated. Please check console for any further messages.
exit
INFO: [Common 17-206] Exiting Vivado at Tue Apr  3 22:22:04 2018...
