
*** Running vivado
    with args -log donkey_kong_axi_smc_0.vds -m64 -product Vivado -mode batch -messageDb vivado.pb -notrace -source donkey_kong_axi_smc_0.tcl


****** Vivado v2017.3 (64-bit)
  **** SW Build 2018833 on Wed Oct  4 19:58:22 MDT 2017
  **** IP Build 2016188 on Wed Oct  4 21:52:56 MDT 2017
    ** Copyright 1986-2017 Xilinx, Inc. All Rights Reserved.

source donkey_kong_axi_smc_0.tcl -notrace
Starting RTL Elaboration : Time (s): cpu = 00:00:07 ; elapsed = 00:00:07 . Memory (MB): peak = 425.906 ; gain = 102.332
INFO: [Synth 8-638] synthesizing module 'donkey_kong_axi_smc_0' [c:/Users/slippman/DonkeyKong/DonkeyKong.srcs/sources_1/bd/donkey_kong/ip/donkey_kong_axi_smc_0/synth/donkey_kong_axi_smc_0.v:57]
INFO: [Synth 8-638] synthesizing module 'bd_1b69' [c:/Users/slippman/DonkeyKong/DonkeyKong.srcs/sources_1/bd/donkey_kong/ip/donkey_kong_axi_smc_0/bd_0/synth/bd_1b69.v:10]
INFO: [Synth 8-638] synthesizing module 'clk_map_imp_1YLG5FX' [c:/Users/slippman/DonkeyKong/DonkeyKong.srcs/sources_1/bd/donkey_kong/ip/donkey_kong_axi_smc_0/bd_0/synth/bd_1b69.v:367]
INFO: [Synth 8-638] synthesizing module 'bd_1b69_one_1' [c:/Users/slippman/DonkeyKong/DonkeyKong.srcs/sources_1/bd/donkey_kong/ip/donkey_kong_axi_smc_0/bd_0/ip/ip_10/synth/bd_1b69_one_1.v:57]
INFO: [Synth 8-638] synthesizing module 'xlconstant_v1_1_3_xlconstant' [c:/Users/slippman/DonkeyKong/DonkeyKong.srcs/sources_1/bd/donkey_kong/ipshared/0750/hdl/xlconstant_v1_1_vl_rfs.v:23]
INFO: [Synth 8-256] done synthesizing module 'xlconstant_v1_1_3_xlconstant' (1#1) [c:/Users/slippman/DonkeyKong/DonkeyKong.srcs/sources_1/bd/donkey_kong/ipshared/0750/hdl/xlconstant_v1_1_vl_rfs.v:23]
INFO: [Synth 8-256] done synthesizing module 'bd_1b69_one_1' (2#1) [c:/Users/slippman/DonkeyKong/DonkeyKong.srcs/sources_1/bd/donkey_kong/ip/donkey_kong_axi_smc_0/bd_0/ip/ip_10/synth/bd_1b69_one_1.v:57]
INFO: [Synth 8-638] synthesizing module 'bd_1b69_psr_aclk_1' [c:/Users/slippman/DonkeyKong/DonkeyKong.srcs/sources_1/bd/donkey_kong/ip/donkey_kong_axi_smc_0/bd_0/ip/ip_11/synth/bd_1b69_psr_aclk_1.vhd:74]
INFO: [Synth 8-638] synthesizing module 'proc_sys_reset' [c:/Users/slippman/DonkeyKong/DonkeyKong.srcs/sources_1/bd/donkey_kong/ipshared/f86a/hdl/proc_sys_reset_v5_0_vh_rfs.vhd:1323]
INFO: [Synth 8-638] synthesizing module 'lpf' [c:/Users/slippman/DonkeyKong/DonkeyKong.srcs/sources_1/bd/donkey_kong/ipshared/f86a/hdl/proc_sys_reset_v5_0_vh_rfs.vhd:816]
INFO: [Synth 8-638] synthesizing module 'SRL16' [C:/Xilinx/Vivado/2017.3/scripts/rt/data/unisim_comp.v:50689]
INFO: [Synth 8-256] done synthesizing module 'SRL16' (3#1) [C:/Xilinx/Vivado/2017.3/scripts/rt/data/unisim_comp.v:50689]
INFO: [Synth 8-638] synthesizing module 'cdc_sync' [c:/Users/slippman/DonkeyKong/DonkeyKong.srcs/sources_1/bd/donkey_kong/ipshared/ef1e/hdl/lib_cdc_v1_0_rfs.vhd:106]
INFO: [Synth 8-256] done synthesizing module 'cdc_sync' (4#1) [c:/Users/slippman/DonkeyKong/DonkeyKong.srcs/sources_1/bd/donkey_kong/ipshared/ef1e/hdl/lib_cdc_v1_0_rfs.vhd:106]
INFO: [Synth 8-256] done synthesizing module 'lpf' (5#1) [c:/Users/slippman/DonkeyKong/DonkeyKong.srcs/sources_1/bd/donkey_kong/ipshared/f86a/hdl/proc_sys_reset_v5_0_vh_rfs.vhd:816]
INFO: [Synth 8-638] synthesizing module 'sequence_psr' [c:/Users/slippman/DonkeyKong/DonkeyKong.srcs/sources_1/bd/donkey_kong/ipshared/f86a/hdl/proc_sys_reset_v5_0_vh_rfs.vhd:301]
INFO: [Synth 8-638] synthesizing module 'upcnt_n' [c:/Users/slippman/DonkeyKong/DonkeyKong.srcs/sources_1/bd/donkey_kong/ipshared/f86a/hdl/proc_sys_reset_v5_0_vh_rfs.vhd:125]
INFO: [Synth 8-256] done synthesizing module 'upcnt_n' (6#1) [c:/Users/slippman/DonkeyKong/DonkeyKong.srcs/sources_1/bd/donkey_kong/ipshared/f86a/hdl/proc_sys_reset_v5_0_vh_rfs.vhd:125]
INFO: [Synth 8-256] done synthesizing module 'sequence_psr' (7#1) [c:/Users/slippman/DonkeyKong/DonkeyKong.srcs/sources_1/bd/donkey_kong/ipshared/f86a/hdl/proc_sys_reset_v5_0_vh_rfs.vhd:301]
INFO: [Synth 8-256] done synthesizing module 'proc_sys_reset' (8#1) [c:/Users/slippman/DonkeyKong/DonkeyKong.srcs/sources_1/bd/donkey_kong/ipshared/f86a/hdl/proc_sys_reset_v5_0_vh_rfs.vhd:1323]
INFO: [Synth 8-256] done synthesizing module 'bd_1b69_psr_aclk_1' (9#1) [c:/Users/slippman/DonkeyKong/DonkeyKong.srcs/sources_1/bd/donkey_kong/ip/donkey_kong_axi_smc_0/bd_0/ip/ip_11/synth/bd_1b69_psr_aclk_1.vhd:74]
INFO: [Synth 8-256] done synthesizing module 'clk_map_imp_1YLG5FX' (10#1) [c:/Users/slippman/DonkeyKong/DonkeyKong.srcs/sources_1/bd/donkey_kong/ip/donkey_kong_axi_smc_0/bd_0/synth/bd_1b69.v:367]
INFO: [Synth 8-638] synthesizing module 'm00_exit_pipeline_imp_1VHKYE' [c:/Users/slippman/DonkeyKong/DonkeyKong.srcs/sources_1/bd/donkey_kong/ip/donkey_kong_axi_smc_0/bd_0/synth/bd_1b69.v:411]
INFO: [Synth 8-638] synthesizing module 'bd_1b69_m00e_1' [c:/Users/slippman/DonkeyKong/DonkeyKong.srcs/sources_1/bd/donkey_kong/ip/donkey_kong_axi_smc_0/bd_0/ip/ip_19/synth/bd_1b69_m00e_1.sv:58]
INFO: [Synth 8-256] done synthesizing module 'bd_1b69_m00e_1' (24#1) [c:/Users/slippman/DonkeyKong/DonkeyKong.srcs/sources_1/bd/donkey_kong/ip/donkey_kong_axi_smc_0/bd_0/ip/ip_19/synth/bd_1b69_m00e_1.sv:58]
INFO: [Synth 8-256] done synthesizing module 'm00_exit_pipeline_imp_1VHKYE' (25#1) [c:/Users/slippman/DonkeyKong/DonkeyKong.srcs/sources_1/bd/donkey_kong/ip/donkey_kong_axi_smc_0/bd_0/synth/bd_1b69.v:411]
INFO: [Synth 8-638] synthesizing module 'bd_1b69_m00s2a_1' [c:/Users/slippman/DonkeyKong/DonkeyKong.srcs/sources_1/bd/donkey_kong/ip/donkey_kong_axi_smc_0/bd_0/ip/ip_18/synth/bd_1b69_m00s2a_1.sv:58]
INFO: [Synth 8-256] done synthesizing module 'bd_1b69_m00s2a_1' (27#1) [c:/Users/slippman/DonkeyKong/DonkeyKong.srcs/sources_1/bd/donkey_kong/ip/donkey_kong_axi_smc_0/bd_0/ip/ip_18/synth/bd_1b69_m00s2a_1.sv:58]
INFO: [Synth 8-638] synthesizing module 'bd_1b69_s00a2s_1' [c:/Users/slippman/DonkeyKong/DonkeyKong.srcs/sources_1/bd/donkey_kong/ip/donkey_kong_axi_smc_0/bd_0/ip/ip_15/synth/bd_1b69_s00a2s_1.sv:58]
INFO: [Synth 8-256] done synthesizing module 'bd_1b69_s00a2s_1' (29#1) [c:/Users/slippman/DonkeyKong/DonkeyKong.srcs/sources_1/bd/donkey_kong/ip/donkey_kong_axi_smc_0/bd_0/ip/ip_15/synth/bd_1b69_s00a2s_1.sv:58]
INFO: [Synth 8-638] synthesizing module 's00_entry_pipeline_imp_115K9QT' [c:/Users/slippman/DonkeyKong/DonkeyKong.srcs/sources_1/bd/donkey_kong/ip/donkey_kong_axi_smc_0/bd_0/synth/bd_1b69.v:587]
INFO: [Synth 8-638] synthesizing module 'bd_1b69_s00mmu_1' [c:/Users/slippman/DonkeyKong/DonkeyKong.srcs/sources_1/bd/donkey_kong/ip/donkey_kong_axi_smc_0/bd_0/ip/ip_12/synth/bd_1b69_s00mmu_1.sv:58]
INFO: [Synth 8-256] done synthesizing module 'bd_1b69_s00mmu_1' (33#1) [c:/Users/slippman/DonkeyKong/DonkeyKong.srcs/sources_1/bd/donkey_kong/ip/donkey_kong_axi_smc_0/bd_0/ip/ip_12/synth/bd_1b69_s00mmu_1.sv:58]
INFO: [Synth 8-638] synthesizing module 'bd_1b69_s00sic_1' [c:/Users/slippman/DonkeyKong/DonkeyKong.srcs/sources_1/bd/donkey_kong/ip/donkey_kong_axi_smc_0/bd_0/ip/ip_14/synth/bd_1b69_s00sic_1.sv:58]
INFO: [Synth 8-256] done synthesizing module 'bd_1b69_s00sic_1' (36#1) [c:/Users/slippman/DonkeyKong/DonkeyKong.srcs/sources_1/bd/donkey_kong/ip/donkey_kong_axi_smc_0/bd_0/ip/ip_14/synth/bd_1b69_s00sic_1.sv:58]
INFO: [Synth 8-638] synthesizing module 'bd_1b69_s00tr_1' [c:/Users/slippman/DonkeyKong/DonkeyKong.srcs/sources_1/bd/donkey_kong/ip/donkey_kong_axi_smc_0/bd_0/ip/ip_13/synth/bd_1b69_s00tr_1.sv:58]
INFO: [Synth 8-256] done synthesizing module 'bd_1b69_s00tr_1' (39#1) [c:/Users/slippman/DonkeyKong/DonkeyKong.srcs/sources_1/bd/donkey_kong/ip/donkey_kong_axi_smc_0/bd_0/ip/ip_13/synth/bd_1b69_s00tr_1.sv:58]
INFO: [Synth 8-256] done synthesizing module 's00_entry_pipeline_imp_115K9QT' (40#1) [c:/Users/slippman/DonkeyKong/DonkeyKong.srcs/sources_1/bd/donkey_kong/ip/donkey_kong_axi_smc_0/bd_0/synth/bd_1b69.v:587]
INFO: [Synth 8-638] synthesizing module 's00_nodes_imp_141JD5B' [c:/Users/slippman/DonkeyKong/DonkeyKong.srcs/sources_1/bd/donkey_kong/ip/donkey_kong_axi_smc_0/bd_0/synth/bd_1b69.v:871]
INFO: [Synth 8-638] synthesizing module 'bd_1b69_sarn_1' [c:/Users/slippman/DonkeyKong/DonkeyKong.srcs/sources_1/bd/donkey_kong/ip/donkey_kong_axi_smc_0/bd_0/ip/ip_16/synth/bd_1b69_sarn_1.sv:58]
INFO: [Synth 8-638] synthesizing module 'xpm_memory_base' [C:/Xilinx/Vivado/2017.3/data/ip/xpm/xpm_memory/hdl/xpm_memory.sv:57]
INFO: [Synth 8-256] done synthesizing module 'xpm_memory_base' (45#1) [C:/Xilinx/Vivado/2017.3/data/ip/xpm/xpm_memory/hdl/xpm_memory.sv:57]
INFO: [Synth 8-256] done synthesizing module 'bd_1b69_sarn_1' (54#1) [c:/Users/slippman/DonkeyKong/DonkeyKong.srcs/sources_1/bd/donkey_kong/ip/donkey_kong_axi_smc_0/bd_0/ip/ip_16/synth/bd_1b69_sarn_1.sv:58]
INFO: [Synth 8-638] synthesizing module 'bd_1b69_srn_1' [c:/Users/slippman/DonkeyKong/DonkeyKong.srcs/sources_1/bd/donkey_kong/ip/donkey_kong_axi_smc_0/bd_0/ip/ip_17/synth/bd_1b69_srn_1.sv:58]
INFO: [Synth 8-638] synthesizing module 'xpm_memory_base__parameterized0' [C:/Xilinx/Vivado/2017.3/data/ip/xpm/xpm_memory/hdl/xpm_memory.sv:57]
INFO: [Synth 8-256] done synthesizing module 'xpm_memory_base__parameterized0' (55#1) [C:/Xilinx/Vivado/2017.3/data/ip/xpm/xpm_memory/hdl/xpm_memory.sv:57]
INFO: [Synth 8-256] done synthesizing module 'bd_1b69_srn_1' (56#1) [c:/Users/slippman/DonkeyKong/DonkeyKong.srcs/sources_1/bd/donkey_kong/ip/donkey_kong_axi_smc_0/bd_0/ip/ip_17/synth/bd_1b69_srn_1.sv:58]
INFO: [Synth 8-256] done synthesizing module 's00_nodes_imp_141JD5B' (57#1) [c:/Users/slippman/DonkeyKong/DonkeyKong.srcs/sources_1/bd/donkey_kong/ip/donkey_kong_axi_smc_0/bd_0/synth/bd_1b69.v:871]
INFO: [Synth 8-256] done synthesizing module 'bd_1b69' (58#1) [c:/Users/slippman/DonkeyKong/DonkeyKong.srcs/sources_1/bd/donkey_kong/ip/donkey_kong_axi_smc_0/bd_0/synth/bd_1b69.v:10]
INFO: [Synth 8-256] done synthesizing module 'donkey_kong_axi_smc_0' (59#1) [c:/Users/slippman/DonkeyKong/DonkeyKong.srcs/sources_1/bd/donkey_kong/ip/donkey_kong_axi_smc_0/synth/donkey_kong_axi_smc_0.v:57]
Finished RTL Elaboration : Time (s): cpu = 00:00:12 ; elapsed = 00:00:13 . Memory (MB): peak = 546.141 ; gain = 222.566
Finished RTL Optimization Phase 1 : Time (s): cpu = 00:00:13 ; elapsed = 00:00:14 . Memory (MB): peak = 546.141 ; gain = 222.566
INFO: [Device 21-403] Loading part xc7z020clg484-1
Constraint Validation Runtime : Time (s): cpu = 00:00:01 ; elapsed = 00:00:00.795 . Memory (MB): peak = 1112.840 ; gain = 25.992
Finished Constraint Validation : Time (s): cpu = 00:00:42 ; elapsed = 00:01:06 . Memory (MB): peak = 1112.840 ; gain = 789.266
Finished Loading Part and Timing Information : Time (s): cpu = 00:00:42 ; elapsed = 00:01:06 . Memory (MB): peak = 1112.840 ; gain = 789.266
Finished applying 'set_property' XDC Constraints : Time (s): cpu = 00:00:42 ; elapsed = 00:01:06 . Memory (MB): peak = 1112.840 ; gain = 789.266
Finished RTL Optimization Phase 2 : Time (s): cpu = 00:00:44 ; elapsed = 00:01:09 . Memory (MB): peak = 1112.840 ; gain = 789.266
Finished Cross Boundary and Area Optimization : Time (s): cpu = 00:00:55 ; elapsed = 00:01:20 . Memory (MB): peak = 1112.840 ; gain = 789.266
---------------------------------------------------------------------------------
Start ROM, RAM, DSP and Shift Register Reporting
---------------------------------------------------------------------------------

Distributed RAM: Preliminary Mapping  Report (see note below)
+----------------------------------------------------------------------------------------------------------------------------------------------------------+----------------------------------+----------------+----------------------+---------------+
|Module Name                                                                                                                                               | RTL Object                       | Inference      | Size (Depth x Width) | Primitives    | 
+----------------------------------------------------------------------------------------------------------------------------------------------------------+----------------------------------+----------------+----------------------+---------------+
|inst/i_1/\s00_nodes/s00_ar_node/inst /\inst_mi_handler/gen_normal_area.inst_fifo_node_payld/gen_xpm_memory_fifo.inst_fifo/gen_mem_rep[0].inst_xpm_memory  | gen_wr_a.gen_word_narrow.mem_reg | User Attribute | 32 x 156             | RAM32M x 26   | 
|inst/i_1/\s00_nodes/s00_r_node/inst /\inst_mi_handler/gen_normal_area.inst_fifo_node_payld/gen_xpm_memory_fifo.inst_fifo/gen_mem_rep[0].inst_xpm_memory   | gen_wr_a.gen_word_narrow.mem_reg | User Attribute | 32 x 101             | RAM32M x 17   | 
+----------------------------------------------------------------------------------------------------------------------------------------------------------+----------------------------------+----------------+----------------------+---------------+

Note: The table above is a preliminary report that shows the Distributed RAMs at the current stage of the synthesis flow. Some Distributed RAMs may be reimplemented as non Distributed RAM primitives later in the synthesis flow. Multiple instantiated RAMs are reported only once.
---------------------------------------------------------------------------------
Finished ROM, RAM, DSP and Shift Register Reporting
---------------------------------------------------------------------------------
Finished Applying XDC Timing Constraints : Time (s): cpu = 00:01:05 ; elapsed = 00:01:30 . Memory (MB): peak = 1112.840 ; gain = 789.266
Finished Timing Optimization : Time (s): cpu = 00:01:06 ; elapsed = 00:01:31 . Memory (MB): peak = 1112.840 ; gain = 789.266
Finished Technology Mapping : Time (s): cpu = 00:01:07 ; elapsed = 00:01:32 . Memory (MB): peak = 1112.840 ; gain = 789.266
Finished IO Insertion : Time (s): cpu = 00:01:08 ; elapsed = 00:01:33 . Memory (MB): peak = 1112.840 ; gain = 789.266
Finished Renaming Generated Instances : Time (s): cpu = 00:01:08 ; elapsed = 00:01:33 . Memory (MB): peak = 1112.840 ; gain = 789.266
Finished Rebuilding User Hierarchy : Time (s): cpu = 00:01:08 ; elapsed = 00:01:34 . Memory (MB): peak = 1112.840 ; gain = 789.266
Finished Renaming Generated Ports : Time (s): cpu = 00:01:08 ; elapsed = 00:01:34 . Memory (MB): peak = 1112.840 ; gain = 789.266
Finished Handling Custom Attributes : Time (s): cpu = 00:01:08 ; elapsed = 00:01:34 . Memory (MB): peak = 1112.840 ; gain = 789.266
Finished Renaming Generated Nets : Time (s): cpu = 00:01:08 ; elapsed = 00:01:34 . Memory (MB): peak = 1112.840 ; gain = 789.266

Report Cell Usage: 
+------+--------+------+
|      |Cell    |Count |
+------+--------+------+
|1     |CARRY4  |     8|
|2     |LUT1    |    24|
|3     |LUT2    |    46|
|4     |LUT3    |    30|
|5     |LUT4    |   315|
|6     |LUT5    |    71|
|7     |LUT6    |   212|
|8     |RAM32M  |    24|
|9     |SRL16   |     1|
|10    |SRLC32E |     7|
|11    |FDR     |     4|
|12    |FDRE    |   737|
|13    |FDSE    |    41|
+------+--------+------+
Finished Writing Synthesis Report : Time (s): cpu = 00:01:08 ; elapsed = 00:01:34 . Memory (MB): peak = 1112.840 ; gain = 789.266
synth_design: Time (s): cpu = 00:01:10 ; elapsed = 00:01:36 . Memory (MB): peak = 1112.840 ; gain = 800.727
