
*** Running vivado
    with args -log donkey_kong_processing_system7_1_0.vds -m64 -product Vivado -mode batch -messageDb vivado.pb -notrace -source donkey_kong_processing_system7_1_0.tcl


****** Vivado v2017.3 (64-bit)
  **** SW Build 2018833 on Wed Oct  4 19:58:22 MDT 2017
  **** IP Build 2016188 on Wed Oct  4 21:52:56 MDT 2017
    ** Copyright 1986-2017 Xilinx, Inc. All Rights Reserved.

source donkey_kong_processing_system7_1_0.tcl -notrace
Starting RTL Elaboration : Time (s): cpu = 00:00:06 ; elapsed = 00:00:07 . Memory (MB): peak = 413.867 ; gain = 97.145
INFO: [Synth 8-638] synthesizing module 'donkey_kong_processing_system7_1_0' [c:/Users/slippman/DonkeyKong/DonkeyKong.srcs/sources_1/bd/donkey_kong/ip/donkey_kong_processing_system7_1_0/synth/donkey_kong_processing_system7_1_0.v:60]
INFO: [Synth 8-638] synthesizing module 'processing_system7_v5_5_processing_system7' [c:/Users/slippman/DonkeyKong/DonkeyKong.srcs/sources_1/bd/donkey_kong/ip/donkey_kong_processing_system7_1_0/hdl/verilog/processing_system7_v5_5_processing_system7.v:162]
INFO: [Synth 8-638] synthesizing module 'BUFG' [C:/Xilinx/Vivado/2017.3/scripts/rt/data/unisim_comp.v:607]
INFO: [Synth 8-256] done synthesizing module 'BUFG' (1#1) [C:/Xilinx/Vivado/2017.3/scripts/rt/data/unisim_comp.v:607]
INFO: [Synth 8-638] synthesizing module 'BIBUF' [C:/Xilinx/Vivado/2017.3/scripts/rt/data/unisim_comp.v:268]
INFO: [Synth 8-256] done synthesizing module 'BIBUF' (2#1) [C:/Xilinx/Vivado/2017.3/scripts/rt/data/unisim_comp.v:268]
INFO: [Synth 8-638] synthesizing module 'PS7' [C:/Xilinx/Vivado/2017.3/scripts/rt/data/unisim_comp.v:40559]
INFO: [Synth 8-256] done synthesizing module 'PS7' (3#1) [C:/Xilinx/Vivado/2017.3/scripts/rt/data/unisim_comp.v:40559]
INFO: [Synth 8-256] done synthesizing module 'processing_system7_v5_5_processing_system7' (4#1) [c:/Users/slippman/DonkeyKong/DonkeyKong.srcs/sources_1/bd/donkey_kong/ip/donkey_kong_processing_system7_1_0/hdl/verilog/processing_system7_v5_5_processing_system7.v:162]
INFO: [Synth 8-256] done synthesizing module 'donkey_kong_processing_system7_1_0' (5#1) [c:/Users/slippman/DonkeyKong/DonkeyKong.srcs/sources_1/bd/donkey_kong/ip/donkey_kong_processing_system7_1_0/synth/donkey_kong_processing_system7_1_0.v:60]
Finished RTL Elaboration : Time (s): cpu = 00:00:07 ; elapsed = 00:00:08 . Memory (MB): peak = 456.949 ; gain = 140.227
Finished RTL Optimization Phase 1 : Time (s): cpu = 00:00:08 ; elapsed = 00:00:08 . Memory (MB): peak = 456.949 ; gain = 140.227
INFO: [Device 21-403] Loading part xc7z020clg484-1
Constraint Validation Runtime : Time (s): cpu = 00:00:00 ; elapsed = 00:00:00.036 . Memory (MB): peak = 710.797 ; gain = 0.000
Finished Constraint Validation : Time (s): cpu = 00:00:20 ; elapsed = 00:00:45 . Memory (MB): peak = 710.797 ; gain = 394.074
Finished Loading Part and Timing Information : Time (s): cpu = 00:00:20 ; elapsed = 00:00:45 . Memory (MB): peak = 710.797 ; gain = 394.074
Finished applying 'set_property' XDC Constraints : Time (s): cpu = 00:00:20 ; elapsed = 00:00:46 . Memory (MB): peak = 710.797 ; gain = 394.074
Finished RTL Optimization Phase 2 : Time (s): cpu = 00:00:21 ; elapsed = 00:00:46 . Memory (MB): peak = 710.797 ; gain = 394.074
Finished Cross Boundary and Area Optimization : Time (s): cpu = 00:00:21 ; elapsed = 00:00:47 . Memory (MB): peak = 710.797 ; gain = 394.074
Finished Applying XDC Timing Constraints : Time (s): cpu = 00:00:33 ; elapsed = 00:00:59 . Memory (MB): peak = 919.715 ; gain = 602.992
Finished Timing Optimization : Time (s): cpu = 00:00:33 ; elapsed = 00:00:59 . Memory (MB): peak = 935.809 ; gain = 619.086
Finished Technology Mapping : Time (s): cpu = 00:00:34 ; elapsed = 00:01:00 . Memory (MB): peak = 938.875 ; gain = 622.152
Finished IO Insertion : Time (s): cpu = 00:00:36 ; elapsed = 00:01:02 . Memory (MB): peak = 938.875 ; gain = 622.152
Finished Renaming Generated Instances : Time (s): cpu = 00:00:36 ; elapsed = 00:01:02 . Memory (MB): peak = 938.875 ; gain = 622.152
Finished Rebuilding User Hierarchy : Time (s): cpu = 00:00:36 ; elapsed = 00:01:02 . Memory (MB): peak = 938.875 ; gain = 622.152
Finished Renaming Generated Ports : Time (s): cpu = 00:00:36 ; elapsed = 00:01:02 . Memory (MB): peak = 938.875 ; gain = 622.152
Finished Handling Custom Attributes : Time (s): cpu = 00:00:36 ; elapsed = 00:01:02 . Memory (MB): peak = 938.875 ; gain = 622.152
Finished Renaming Generated Nets : Time (s): cpu = 00:00:36 ; elapsed = 00:01:02 . Memory (MB): peak = 938.875 ; gain = 622.152

Report Cell Usage: 
+------+------+------+
|      |Cell  |Count |
+------+------+------+
|1     |BIBUF |   130|
|2     |BUFG  |     1|
|3     |LUT1  |   112|
|4     |PS7   |     1|
+------+------+------+
Finished Writing Synthesis Report : Time (s): cpu = 00:00:36 ; elapsed = 00:01:02 . Memory (MB): peak = 938.875 ; gain = 622.152
synth_design: Time (s): cpu = 00:00:37 ; elapsed = 00:01:04 . Memory (MB): peak = 953.406 ; gain = 644.945
