
*** Running vivado
    with args -log donkey_kong_wrapper.vds -m64 -product Vivado -mode batch -messageDb vivado.pb -notrace -source donkey_kong_wrapper.tcl


****** Vivado v2017.3 (64-bit)
  **** SW Build 2018833 on Wed Oct  4 19:58:22 MDT 2017
  **** IP Build 2016188 on Wed Oct  4 21:52:56 MDT 2017
    ** Copyright 1986-2017 Xilinx, Inc. All Rights Reserved.

source donkey_kong_wrapper.tcl -notrace
INFO: [IP_Flow 19-234] Refreshing IP repositories
INFO: [IP_Flow 19-1700] Loaded user IP repository 'c:/Users/slippman/ip_repo'.
INFO: [IP_Flow 19-2313] Loaded Vivado IP repository 'C:/Xilinx/Vivado/2017.3/data/ip'.
WARNING: [IP_Flow 19-3664] IP 'donkey_kong_auto_pc_0' generated file not found 'c:/Users/slippman/DonkeyKong/DonkeyKong.srcs/sources_1/bd/donkey_kong/ip/donkey_kong_auto_pc_0/stats.txt'. Please regenerate to continue.
add_files: Time (s): cpu = 00:00:07 ; elapsed = 00:00:11 . Memory (MB): peak = 353.945 ; gain = 72.734
Command: synth_design -top donkey_kong_wrapper -part xc7z020clg484-1
Starting synth_design
Attempting to get a license for feature 'Synthesis' and/or device 'xc7z020'
INFO: [Common 17-349] Got license for feature 'Synthesis' and/or device 'xc7z020'
INFO: Launching helper process for spawning children vivado processes
INFO: Helper process launched with PID 8376 
---------------------------------------------------------------------------------
Starting RTL Elaboration : Time (s): cpu = 00:00:05 ; elapsed = 00:00:05 . Memory (MB): peak = 455.695 ; gain = 94.801
---------------------------------------------------------------------------------
INFO: [Synth 8-638] synthesizing module 'donkey_kong_wrapper' [C:/Users/slippman/DonkeyKong/DonkeyKong.srcs/sources_1/bd/donkey_kong/hdl/donkey_kong_wrapper.vhd:55]
INFO: [Synth 8-3491] module 'donkey_kong' declared at 'C:/Users/slippman/DonkeyKong/DonkeyKong.srcs/sources_1/bd/donkey_kong/synth/donkey_kong.vhd:1301' bound to instance 'donkey_kong_i' of component 'donkey_kong' [C:/Users/slippman/DonkeyKong/DonkeyKong.srcs/sources_1/bd/donkey_kong/hdl/donkey_kong_wrapper.vhd:97]
INFO: [Synth 8-638] synthesizing module 'donkey_kong' [C:/Users/slippman/DonkeyKong/DonkeyKong.srcs/sources_1/bd/donkey_kong/synth/donkey_kong.vhd:1346]
INFO: [Synth 8-3491] module 'donkey_kong_AXI_VGA_0_0' declared at 'C:/Users/slippman/DonkeyKong/DonkeyKong.runs/synth_1/.Xil/Vivado-7984-ensc-pit-30/realtime/donkey_kong_AXI_VGA_0_0_stub.vhdl:5' bound to instance 'AXI_VGA_0' of component 'donkey_kong_AXI_VGA_0_0' [C:/Users/slippman/DonkeyKong/DonkeyKong.srcs/sources_1/bd/donkey_kong/synth/donkey_kong.vhd:1927]
INFO: [Synth 8-638] synthesizing module 'donkey_kong_AXI_VGA_0_0' [C:/Users/slippman/DonkeyKong/DonkeyKong.runs/synth_1/.Xil/Vivado-7984-ensc-pit-30/realtime/donkey_kong_AXI_VGA_0_0_stub.vhdl:23]
INFO: [Synth 8-3491] module 'donkey_kong_Debouncer_0_0' declared at 'C:/Users/slippman/DonkeyKong/DonkeyKong.runs/synth_1/.Xil/Vivado-7984-ensc-pit-30/realtime/donkey_kong_Debouncer_0_0_stub.vhdl:5' bound to instance 'Debouncer_0' of component 'donkey_kong_Debouncer_0_0' [C:/Users/slippman/DonkeyKong/DonkeyKong.srcs/sources_1/bd/donkey_kong/synth/donkey_kong.vhd:1942]
INFO: [Synth 8-638] synthesizing module 'donkey_kong_Debouncer_0_0' [C:/Users/slippman/DonkeyKong/DonkeyKong.runs/synth_1/.Xil/Vivado-7984-ensc-pit-30/realtime/donkey_kong_Debouncer_0_0_stub.vhdl:14]
INFO: [Synth 8-3491] module 'donkey_kong_axi_audio_codec_0_0' declared at 'C:/Users/slippman/DonkeyKong/DonkeyKong.runs/synth_1/.Xil/Vivado-7984-ensc-pit-30/realtime/donkey_kong_axi_audio_codec_0_0_stub.vhdl:5' bound to instance 'axi_audio_codec_0' of component 'donkey_kong_axi_audio_codec_0_0' [C:/Users/slippman/DonkeyKong/DonkeyKong.srcs/sources_1/bd/donkey_kong/synth/donkey_kong.vhd:1948]
INFO: [Synth 8-638] synthesizing module 'donkey_kong_axi_audio_codec_0_0' [C:/Users/slippman/DonkeyKong/DonkeyKong.runs/synth_1/.Xil/Vivado-7984-ensc-pit-30/realtime/donkey_kong_axi_audio_codec_0_0_stub.vhdl:27]
WARNING: [Synth 8-5640] Port 'axi_dma_tstvec' is missing in component declaration [C:/Users/slippman/DonkeyKong/DonkeyKong.srcs/sources_1/bd/donkey_kong/synth/donkey_kong.vhd:1461]
INFO: [Synth 8-3491] module 'donkey_kong_axi_dma_0_0' declared at 'C:/Users/slippman/DonkeyKong/DonkeyKong.runs/synth_1/.Xil/Vivado-7984-ensc-pit-30/realtime/donkey_kong_axi_dma_0_0_stub.vhdl:5' bound to instance 'axi_dma_0' of component 'donkey_kong_axi_dma_0_0' [C:/Users/slippman/DonkeyKong/DonkeyKong.srcs/sources_1/bd/donkey_kong/synth/donkey_kong.vhd:1967]
INFO: [Synth 8-638] synthesizing module 'donkey_kong_axi_dma_0_0' [C:/Users/slippman/DonkeyKong/DonkeyKong.runs/synth_1/.Xil/Vivado-7984-ensc-pit-30/realtime/donkey_kong_axi_dma_0_0_stub.vhdl:51]
WARNING: [Synth 8-5640] Port 'axi_dma_tstvec' is missing in component declaration [C:/Users/slippman/DonkeyKong/DonkeyKong.srcs/sources_1/bd/donkey_kong/synth/donkey_kong.vhd:1609]
INFO: [Synth 8-3491] module 'donkey_kong_axi_dma_1_0' declared at 'C:/Users/slippman/DonkeyKong/DonkeyKong.runs/synth_1/.Xil/Vivado-7984-ensc-pit-30/realtime/donkey_kong_axi_dma_1_0_stub.vhdl:5' bound to instance 'axi_dma_1' of component 'donkey_kong_axi_dma_1_0' [C:/Users/slippman/DonkeyKong/DonkeyKong.srcs/sources_1/bd/donkey_kong/synth/donkey_kong.vhd:2009]
INFO: [Synth 8-638] synthesizing module 'donkey_kong_axi_dma_1_0' [C:/Users/slippman/DonkeyKong/DonkeyKong.runs/synth_1/.Xil/Vivado-7984-ensc-pit-30/realtime/donkey_kong_axi_dma_1_0_stub.vhdl:51]
INFO: [Synth 8-3491] module 'donkey_kong_axi_gpio_0_0' declared at 'C:/Users/slippman/DonkeyKong/DonkeyKong.runs/synth_1/.Xil/Vivado-7984-ensc-pit-30/realtime/donkey_kong_axi_gpio_0_0_stub.vhdl:5' bound to instance 'axi_gpio_0' of component 'donkey_kong_axi_gpio_0_0' [C:/Users/slippman/DonkeyKong/DonkeyKong.srcs/sources_1/bd/donkey_kong/synth/donkey_kong.vhd:2051]
INFO: [Synth 8-638] synthesizing module 'donkey_kong_axi_gpio_0_0' [C:/Users/slippman/DonkeyKong/DonkeyKong.runs/synth_1/.Xil/Vivado-7984-ensc-pit-30/realtime/donkey_kong_axi_gpio_0_0_stub.vhdl:32]
INFO: [Synth 8-3491] module 'donkey_kong_axi_smc_0' declared at 'C:/Users/slippman/DonkeyKong/DonkeyKong.runs/synth_1/.Xil/Vivado-7984-ensc-pit-30/realtime/donkey_kong_axi_smc_0_stub.vhdl:5' bound to instance 'axi_smc' of component 'donkey_kong_axi_smc_0' [C:/Users/slippman/DonkeyKong/DonkeyKong.srcs/sources_1/bd/donkey_kong/synth/donkey_kong.vhd:2075]
INFO: [Synth 8-638] synthesizing module 'donkey_kong_axi_smc_0' [C:/Users/slippman/DonkeyKong/DonkeyKong.runs/synth_1/.Xil/Vivado-7984-ensc-pit-30/realtime/donkey_kong_axi_smc_0_stub.vhdl:58]
INFO: [Synth 8-3491] module 'donkey_kong_processing_system7_0_0' declared at 'C:/Users/slippman/DonkeyKong/DonkeyKong.runs/synth_1/.Xil/Vivado-7984-ensc-pit-30/realtime/donkey_kong_processing_system7_0_0_stub.vhdl:5' bound to instance 'processing_system7_0' of component 'donkey_kong_processing_system7_0_0' [C:/Users/slippman/DonkeyKong/DonkeyKong.srcs/sources_1/bd/donkey_kong/synth/donkey_kong.vhd:2125]
INFO: [Synth 8-638] synthesizing module 'donkey_kong_processing_system7_0_0' [C:/Users/slippman/DonkeyKong/DonkeyKong.runs/synth_1/.Xil/Vivado-7984-ensc-pit-30/realtime/donkey_kong_processing_system7_0_0_stub.vhdl:121]
INFO: [Synth 8-638] synthesizing module 'donkey_kong_ps7_0_axi_periph_0' [C:/Users/slippman/DonkeyKong/DonkeyKong.srcs/sources_1/bd/donkey_kong/synth/donkey_kong.vhd:725]
INFO: [Synth 8-638] synthesizing module 'm00_couplers_imp_MPMXA4' [C:/Users/slippman/DonkeyKong/DonkeyKong.srcs/sources_1/bd/donkey_kong/synth/donkey_kong.vhd:55]
INFO: [Synth 8-256] done synthesizing module 'm00_couplers_imp_MPMXA4' (1#1) [C:/Users/slippman/DonkeyKong/DonkeyKong.srcs/sources_1/bd/donkey_kong/synth/donkey_kong.vhd:55]
INFO: [Synth 8-638] synthesizing module 'm01_couplers_imp_1L5QNAA' [C:/Users/slippman/DonkeyKong/DonkeyKong.srcs/sources_1/bd/donkey_kong/synth/donkey_kong.vhd:153]
INFO: [Synth 8-256] done synthesizing module 'm01_couplers_imp_1L5QNAA' (2#1) [C:/Users/slippman/DonkeyKong/DonkeyKong.srcs/sources_1/bd/donkey_kong/synth/donkey_kong.vhd:153]
INFO: [Synth 8-638] synthesizing module 'm02_couplers_imp_1E968W1' [C:/Users/slippman/DonkeyKong/DonkeyKong.srcs/sources_1/bd/donkey_kong/synth/donkey_kong.vhd:252]
INFO: [Synth 8-256] done synthesizing module 'm02_couplers_imp_1E968W1' (3#1) [C:/Users/slippman/DonkeyKong/DonkeyKong.srcs/sources_1/bd/donkey_kong/synth/donkey_kong.vhd:252]
INFO: [Synth 8-638] synthesizing module 's00_couplers_imp_1GOEAR0' [C:/Users/slippman/DonkeyKong/DonkeyKong.srcs/sources_1/bd/donkey_kong/synth/donkey_kong.vhd:373]
INFO: [Synth 8-3491] module 'donkey_kong_auto_pc_0' declared at 'C:/Users/slippman/DonkeyKong/DonkeyKong.runs/synth_1/.Xil/Vivado-7984-ensc-pit-30/realtime/donkey_kong_auto_pc_0_stub.vhdl:5' bound to instance 'auto_pc' of component 'donkey_kong_auto_pc_0' [C:/Users/slippman/DonkeyKong/DonkeyKong.srcs/sources_1/bd/donkey_kong/synth/donkey_kong.vhd:556]
INFO: [Synth 8-638] synthesizing module 'donkey_kong_auto_pc_0' [C:/Users/slippman/DonkeyKong/DonkeyKong.runs/synth_1/.Xil/Vivado-7984-ensc-pit-30/realtime/donkey_kong_auto_pc_0_stub.vhdl:70]
INFO: [Synth 8-256] done synthesizing module 's00_couplers_imp_1GOEAR0' (4#1) [C:/Users/slippman/DonkeyKong/DonkeyKong.srcs/sources_1/bd/donkey_kong/synth/donkey_kong.vhd:373]
INFO: [Synth 8-3491] module 'donkey_kong_xbar_0' declared at 'C:/Users/slippman/DonkeyKong/DonkeyKong.runs/synth_1/.Xil/Vivado-7984-ensc-pit-30/realtime/donkey_kong_xbar_0_stub.vhdl:5' bound to instance 'xbar' of component 'donkey_kong_xbar_0' [C:/Users/slippman/DonkeyKong/DonkeyKong.srcs/sources_1/bd/donkey_kong/synth/donkey_kong.vhd:1219]
INFO: [Synth 8-638] synthesizing module 'donkey_kong_xbar_0' [C:/Users/slippman/DonkeyKong/DonkeyKong.runs/synth_1/.Xil/Vivado-7984-ensc-pit-30/realtime/donkey_kong_xbar_0_stub.vhdl:51]
INFO: [Synth 8-256] done synthesizing module 'donkey_kong_ps7_0_axi_periph_0' (5#1) [C:/Users/slippman/DonkeyKong/DonkeyKong.srcs/sources_1/bd/donkey_kong/synth/donkey_kong.vhd:725]
INFO: [Synth 8-3491] module 'donkey_kong_rst_ps7_0_100M_0' declared at 'C:/Users/slippman/DonkeyKong/DonkeyKong.runs/synth_1/.Xil/Vivado-7984-ensc-pit-30/realtime/donkey_kong_rst_ps7_0_100M_0_stub.vhdl:5' bound to instance 'rst_ps7_0_100M' of component 'donkey_kong_rst_ps7_0_100M_0' [C:/Users/slippman/DonkeyKong/DonkeyKong.srcs/sources_1/bd/donkey_kong/synth/donkey_kong.vhd:2338]
INFO: [Synth 8-638] synthesizing module 'donkey_kong_rst_ps7_0_100M_0' [C:/Users/slippman/DonkeyKong/DonkeyKong.runs/synth_1/.Xil/Vivado-7984-ensc-pit-30/realtime/donkey_kong_rst_ps7_0_100M_0_stub.vhdl:21]
INFO: [Synth 8-3491] module 'donkey_kong_xlconcat_0_0' declared at 'C:/Users/slippman/DonkeyKong/DonkeyKong.runs/synth_1/.Xil/Vivado-7984-ensc-pit-30/realtime/donkey_kong_xlconcat_0_0_stub.vhdl:5' bound to instance 'xlconcat_0' of component 'donkey_kong_xlconcat_0_0' [C:/Users/slippman/DonkeyKong/DonkeyKong.srcs/sources_1/bd/donkey_kong/synth/donkey_kong.vhd:2351]
INFO: [Synth 8-638] synthesizing module 'donkey_kong_xlconcat_0_0' [C:/Users/slippman/DonkeyKong/DonkeyKong.runs/synth_1/.Xil/Vivado-7984-ensc-pit-30/realtime/donkey_kong_xlconcat_0_0_stub.vhdl:15]
INFO: [Synth 8-256] done synthesizing module 'donkey_kong' (6#1) [C:/Users/slippman/DonkeyKong/DonkeyKong.srcs/sources_1/bd/donkey_kong/synth/donkey_kong.vhd:1346]
INFO: [Synth 8-256] done synthesizing module 'donkey_kong_wrapper' (7#1) [C:/Users/slippman/DonkeyKong/DonkeyKong.srcs/sources_1/bd/donkey_kong/hdl/donkey_kong_wrapper.vhd:55]
WARNING: [Synth 8-3331] design s00_couplers_imp_1GOEAR0 has unconnected port M_ACLK
WARNING: [Synth 8-3331] design s00_couplers_imp_1GOEAR0 has unconnected port M_ARESETN
WARNING: [Synth 8-3331] design m02_couplers_imp_1E968W1 has unconnected port M_ACLK
WARNING: [Synth 8-3331] design m02_couplers_imp_1E968W1 has unconnected port M_ARESETN
WARNING: [Synth 8-3331] design m02_couplers_imp_1E968W1 has unconnected port S_ACLK
WARNING: [Synth 8-3331] design m02_couplers_imp_1E968W1 has unconnected port S_ARESETN
WARNING: [Synth 8-3331] design m01_couplers_imp_1L5QNAA has unconnected port M_ACLK
WARNING: [Synth 8-3331] design m01_couplers_imp_1L5QNAA has unconnected port M_ARESETN
WARNING: [Synth 8-3331] design m01_couplers_imp_1L5QNAA has unconnected port S_ACLK
WARNING: [Synth 8-3331] design m01_couplers_imp_1L5QNAA has unconnected port S_ARESETN
WARNING: [Synth 8-3331] design m00_couplers_imp_MPMXA4 has unconnected port M_ACLK
WARNING: [Synth 8-3331] design m00_couplers_imp_MPMXA4 has unconnected port M_ARESETN
WARNING: [Synth 8-3331] design m00_couplers_imp_MPMXA4 has unconnected port S_ACLK
WARNING: [Synth 8-3331] design m00_couplers_imp_MPMXA4 has unconnected port S_ARESETN
---------------------------------------------------------------------------------
Finished RTL Elaboration : Time (s): cpu = 00:00:06 ; elapsed = 00:00:06 . Memory (MB): peak = 500.152 ; gain = 139.258
---------------------------------------------------------------------------------

Report Check Netlist: 
+------+------------------+-------+---------+-------+------------------+
|      |Item              |Errors |Warnings |Status |Description       |
+------+------------------+-------+---------+-------+------------------+
|1     |multi_driven_nets |      0|        0|Passed |Multi driven nets |
+------+------------------+-------+---------+-------+------------------+
---------------------------------------------------------------------------------
Finished RTL Optimization Phase 1 : Time (s): cpu = 00:00:06 ; elapsed = 00:00:06 . Memory (MB): peak = 500.152 ; gain = 139.258
---------------------------------------------------------------------------------
INFO: [Device 21-403] Loading part xc7z020clg484-1
INFO: [Project 1-570] Preparing netlist for logic optimization

Processing XDC Constraints
Initializing timing engine
Parsing XDC File [C:/Users/slippman/DonkeyKong/DonkeyKong.runs/synth_1/.Xil/Vivado-7984-ensc-pit-30/dcp25/donkey_kong_AXI_VGA_0_0_in_context.xdc] for cell 'donkey_kong_i/AXI_VGA_0'
Finished Parsing XDC File [C:/Users/slippman/DonkeyKong/DonkeyKong.runs/synth_1/.Xil/Vivado-7984-ensc-pit-30/dcp25/donkey_kong_AXI_VGA_0_0_in_context.xdc] for cell 'donkey_kong_i/AXI_VGA_0'
Parsing XDC File [C:/Users/slippman/DonkeyKong/DonkeyKong.runs/synth_1/.Xil/Vivado-7984-ensc-pit-30/dcp27/donkey_kong_processing_system7_0_0_in_context.xdc] for cell 'donkey_kong_i/processing_system7_0'
Finished Parsing XDC File [C:/Users/slippman/DonkeyKong/DonkeyKong.runs/synth_1/.Xil/Vivado-7984-ensc-pit-30/dcp27/donkey_kong_processing_system7_0_0_in_context.xdc] for cell 'donkey_kong_i/processing_system7_0'
Parsing XDC File [C:/Users/slippman/DonkeyKong/DonkeyKong.runs/synth_1/.Xil/Vivado-7984-ensc-pit-30/dcp29/donkey_kong_axi_dma_0_0_in_context.xdc] for cell 'donkey_kong_i/axi_dma_0'
Finished Parsing XDC File [C:/Users/slippman/DonkeyKong/DonkeyKong.runs/synth_1/.Xil/Vivado-7984-ensc-pit-30/dcp29/donkey_kong_axi_dma_0_0_in_context.xdc] for cell 'donkey_kong_i/axi_dma_0'
Parsing XDC File [C:/Users/slippman/DonkeyKong/DonkeyKong.runs/synth_1/.Xil/Vivado-7984-ensc-pit-30/dcp31/donkey_kong_proc_sys_reset_0_0_in_context.xdc] for cell 'donkey_kong_i/rst_ps7_0_100M'
Finished Parsing XDC File [C:/Users/slippman/DonkeyKong/DonkeyKong.runs/synth_1/.Xil/Vivado-7984-ensc-pit-30/dcp31/donkey_kong_proc_sys_reset_0_0_in_context.xdc] for cell 'donkey_kong_i/rst_ps7_0_100M'
Parsing XDC File [C:/Users/slippman/DonkeyKong/DonkeyKong.runs/synth_1/.Xil/Vivado-7984-ensc-pit-30/dcp33/donkey_kong_axi_smc_0_in_context.xdc] for cell 'donkey_kong_i/axi_smc'
Finished Parsing XDC File [C:/Users/slippman/DonkeyKong/DonkeyKong.runs/synth_1/.Xil/Vivado-7984-ensc-pit-30/dcp33/donkey_kong_axi_smc_0_in_context.xdc] for cell 'donkey_kong_i/axi_smc'
Parsing XDC File [C:/Users/slippman/DonkeyKong/DonkeyKong.runs/synth_1/.Xil/Vivado-7984-ensc-pit-30/dcp35/donkey_kong_xlconcat_0_0_in_context.xdc] for cell 'donkey_kong_i/xlconcat_0'
Finished Parsing XDC File [C:/Users/slippman/DonkeyKong/DonkeyKong.runs/synth_1/.Xil/Vivado-7984-ensc-pit-30/dcp35/donkey_kong_xlconcat_0_0_in_context.xdc] for cell 'donkey_kong_i/xlconcat_0'
Parsing XDC File [C:/Users/slippman/DonkeyKong/DonkeyKong.runs/synth_1/.Xil/Vivado-7984-ensc-pit-30/dcp37/donkey_kong_axi_gpio_0_0_in_context.xdc] for cell 'donkey_kong_i/axi_gpio_0'
Finished Parsing XDC File [C:/Users/slippman/DonkeyKong/DonkeyKong.runs/synth_1/.Xil/Vivado-7984-ensc-pit-30/dcp37/donkey_kong_axi_gpio_0_0_in_context.xdc] for cell 'donkey_kong_i/axi_gpio_0'
Parsing XDC File [C:/Users/slippman/DonkeyKong/DonkeyKong.runs/synth_1/.Xil/Vivado-7984-ensc-pit-30/dcp39/donkey_kong_Debouncer_0_0_in_context.xdc] for cell 'donkey_kong_i/Debouncer_0'
Finished Parsing XDC File [C:/Users/slippman/DonkeyKong/DonkeyKong.runs/synth_1/.Xil/Vivado-7984-ensc-pit-30/dcp39/donkey_kong_Debouncer_0_0_in_context.xdc] for cell 'donkey_kong_i/Debouncer_0'
Parsing XDC File [C:/Users/slippman/DonkeyKong/DonkeyKong.runs/synth_1/.Xil/Vivado-7984-ensc-pit-30/dcp41/donkey_kong_xbar_0_in_context.xdc] for cell 'donkey_kong_i/ps7_0_axi_periph/xbar'
Finished Parsing XDC File [C:/Users/slippman/DonkeyKong/DonkeyKong.runs/synth_1/.Xil/Vivado-7984-ensc-pit-30/dcp41/donkey_kong_xbar_0_in_context.xdc] for cell 'donkey_kong_i/ps7_0_axi_periph/xbar'
Parsing XDC File [C:/Users/slippman/DonkeyKong/DonkeyKong.runs/synth_1/.Xil/Vivado-7984-ensc-pit-30/dcp43/donkey_kong_axi_dma_1_0_in_context.xdc] for cell 'donkey_kong_i/axi_dma_1'
Finished Parsing XDC File [C:/Users/slippman/DonkeyKong/DonkeyKong.runs/synth_1/.Xil/Vivado-7984-ensc-pit-30/dcp43/donkey_kong_axi_dma_1_0_in_context.xdc] for cell 'donkey_kong_i/axi_dma_1'
Parsing XDC File [C:/Users/slippman/DonkeyKong/DonkeyKong.runs/synth_1/.Xil/Vivado-7984-ensc-pit-30/dcp45/donkey_kong_axi_audio_codec_0_0_in_context.xdc] for cell 'donkey_kong_i/axi_audio_codec_0'
Finished Parsing XDC File [C:/Users/slippman/DonkeyKong/DonkeyKong.runs/synth_1/.Xil/Vivado-7984-ensc-pit-30/dcp45/donkey_kong_axi_audio_codec_0_0_in_context.xdc] for cell 'donkey_kong_i/axi_audio_codec_0'
Parsing XDC File [C:/Users/slippman/DonkeyKong/DonkeyKong.runs/synth_1/.Xil/Vivado-7984-ensc-pit-30/dcp47/donkey_kong_auto_pc_1_in_context.xdc] for cell 'donkey_kong_i/ps7_0_axi_periph/s00_couplers/auto_pc'
Finished Parsing XDC File [C:/Users/slippman/DonkeyKong/DonkeyKong.runs/synth_1/.Xil/Vivado-7984-ensc-pit-30/dcp47/donkey_kong_auto_pc_1_in_context.xdc] for cell 'donkey_kong_i/ps7_0_axi_periph/s00_couplers/auto_pc'
Parsing XDC File [C:/Users/slippman/DonkeyKong/DonkeyKong.srcs/constrs_1/imports/new/pin_config.xdc]
Finished Parsing XDC File [C:/Users/slippman/DonkeyKong/DonkeyKong.srcs/constrs_1/imports/new/pin_config.xdc]
INFO: [Project 1-236] Implementation specific constraints were found while reading constraint file [C:/Users/slippman/DonkeyKong/DonkeyKong.srcs/constrs_1/imports/new/pin_config.xdc]. These constraints will be ignored for synthesis but will be used in implementation. Impacted constraints are listed in the file [.Xil/donkey_kong_wrapper_propImpl.xdc].
Resolution: To avoid this warning, move constraints listed in [.Xil/donkey_kong_wrapper_propImpl.xdc] to another XDC file and exclude this new file from synthesis with the used_in_synthesis property (File Properties dialog in GUI) and re-run elaboration/synthesis.
Parsing XDC File [C:/Users/slippman/DonkeyKong/DonkeyKong.runs/synth_1/dont_touch.xdc]
Finished Parsing XDC File [C:/Users/slippman/DonkeyKong/DonkeyKong.runs/synth_1/dont_touch.xdc]
Completed Processing XDC Constraints

INFO: [Project 1-111] Unisim Transformation Summary:
No Unisim elements were transformed.

Constraint Validation Runtime : Time (s): cpu = 00:00:00 ; elapsed = 00:00:00.017 . Memory (MB): peak = 787.547 ; gain = 0.000
---------------------------------------------------------------------------------
Finished Constraint Validation : Time (s): cpu = 00:00:16 ; elapsed = 00:00:20 . Memory (MB): peak = 787.547 ; gain = 426.652
---------------------------------------------------------------------------------
---------------------------------------------------------------------------------
Start Loading Part and Timing Information
---------------------------------------------------------------------------------
Loading part: xc7z020clg484-1
---------------------------------------------------------------------------------
Finished Loading Part and Timing Information : Time (s): cpu = 00:00:16 ; elapsed = 00:00:20 . Memory (MB): peak = 787.547 ; gain = 426.652
---------------------------------------------------------------------------------
---------------------------------------------------------------------------------
Start Applying 'set_property' XDC Constraints
---------------------------------------------------------------------------------
Applied set_property IO_BUFFER_TYPE = NONE for DDR_addr[0]. (constraint file  C:/Users/slippman/DonkeyKong/DonkeyKong.runs/synth_1/.Xil/Vivado-7984-ensc-pit-30/dcp27/donkey_kong_processing_system7_0_0_in_context.xdc, line 2).
Applied set_property CLOCK_BUFFER_TYPE = NONE for DDR_addr[0]. (constraint file  C:/Users/slippman/DonkeyKong/DonkeyKong.runs/synth_1/.Xil/Vivado-7984-ensc-pit-30/dcp27/donkey_kong_processing_system7_0_0_in_context.xdc, line 3).
Applied set_property IO_BUFFER_TYPE = NONE for DDR_addr[10]. (constraint file  C:/Users/slippman/DonkeyKong/DonkeyKong.runs/synth_1/.Xil/Vivado-7984-ensc-pit-30/dcp27/donkey_kong_processing_system7_0_0_in_context.xdc, line 4).
Applied set_property CLOCK_BUFFER_TYPE = NONE for DDR_addr[10]. (constraint file  C:/Users/slippman/DonkeyKong/DonkeyKong.runs/synth_1/.Xil/Vivado-7984-ensc-pit-30/dcp27/donkey_kong_processing_system7_0_0_in_context.xdc, line 5).
Applied set_property IO_BUFFER_TYPE = NONE for DDR_addr[11]. (constraint file  C:/Users/slippman/DonkeyKong/DonkeyKong.runs/synth_1/.Xil/Vivado-7984-ensc-pit-30/dcp27/donkey_kong_processing_system7_0_0_in_context.xdc, line 6).
Applied set_property CLOCK_BUFFER_TYPE = NONE for DDR_addr[11]. (constraint file  C:/Users/slippman/DonkeyKong/DonkeyKong.runs/synth_1/.Xil/Vivado-7984-ensc-pit-30/dcp27/donkey_kong_processing_system7_0_0_in_context.xdc, line 7).
Applied set_property IO_BUFFER_TYPE = NONE for DDR_addr[12]. (constraint file  C:/Users/slippman/DonkeyKong/DonkeyKong.runs/synth_1/.Xil/Vivado-7984-ensc-pit-30/dcp27/donkey_kong_processing_system7_0_0_in_context.xdc, line 8).
Applied set_property CLOCK_BUFFER_TYPE = NONE for DDR_addr[12]. (constraint file  C:/Users/slippman/DonkeyKong/DonkeyKong.runs/synth_1/.Xil/Vivado-7984-ensc-pit-30/dcp27/donkey_kong_processing_system7_0_0_in_context.xdc, line 9).
Applied set_property IO_BUFFER_TYPE = NONE for DDR_addr[13]. (constraint file  C:/Users/slippman/DonkeyKong/DonkeyKong.runs/synth_1/.Xil/Vivado-7984-ensc-pit-30/dcp27/donkey_kong_processing_system7_0_0_in_context.xdc, line 10).
Applied set_property CLOCK_BUFFER_TYPE = NONE for DDR_addr[13]. (constraint file  C:/Users/slippman/DonkeyKong/DonkeyKong.runs/synth_1/.Xil/Vivado-7984-ensc-pit-30/dcp27/donkey_kong_processing_system7_0_0_in_context.xdc, line 11).
Applied set_property IO_BUFFER_TYPE = NONE for DDR_addr[14]. (constraint file  C:/Users/slippman/DonkeyKong/DonkeyKong.runs/synth_1/.Xil/Vivado-7984-ensc-pit-30/dcp27/donkey_kong_processing_system7_0_0_in_context.xdc, line 12).
Applied set_property CLOCK_BUFFER_TYPE = NONE for DDR_addr[14]. (constraint file  C:/Users/slippman/DonkeyKong/DonkeyKong.runs/synth_1/.Xil/Vivado-7984-ensc-pit-30/dcp27/donkey_kong_processing_system7_0_0_in_context.xdc, line 13).
Applied set_property IO_BUFFER_TYPE = NONE for DDR_addr[1]. (constraint file  C:/Users/slippman/DonkeyKong/DonkeyKong.runs/synth_1/.Xil/Vivado-7984-ensc-pit-30/dcp27/donkey_kong_processing_system7_0_0_in_context.xdc, line 14).
Applied set_property CLOCK_BUFFER_TYPE = NONE for DDR_addr[1]. (constraint file  C:/Users/slippman/DonkeyKong/DonkeyKong.runs/synth_1/.Xil/Vivado-7984-ensc-pit-30/dcp27/donkey_kong_processing_system7_0_0_in_context.xdc, line 15).
Applied set_property IO_BUFFER_TYPE = NONE for DDR_addr[2]. (constraint file  C:/Users/slippman/DonkeyKong/DonkeyKong.runs/synth_1/.Xil/Vivado-7984-ensc-pit-30/dcp27/donkey_kong_processing_system7_0_0_in_context.xdc, line 16).
Applied set_property CLOCK_BUFFER_TYPE = NONE for DDR_addr[2]. (constraint file  C:/Users/slippman/DonkeyKong/DonkeyKong.runs/synth_1/.Xil/Vivado-7984-ensc-pit-30/dcp27/donkey_kong_processing_system7_0_0_in_context.xdc, line 17).
Applied set_property IO_BUFFER_TYPE = NONE for DDR_addr[3]. (constraint file  C:/Users/slippman/DonkeyKong/DonkeyKong.runs/synth_1/.Xil/Vivado-7984-ensc-pit-30/dcp27/donkey_kong_processing_system7_0_0_in_context.xdc, line 18).
Applied set_property CLOCK_BUFFER_TYPE = NONE for DDR_addr[3]. (constraint file  C:/Users/slippman/DonkeyKong/DonkeyKong.runs/synth_1/.Xil/Vivado-7984-ensc-pit-30/dcp27/donkey_kong_processing_system7_0_0_in_context.xdc, line 19).
Applied set_property IO_BUFFER_TYPE = NONE for DDR_addr[4]. (constraint file  C:/Users/slippman/DonkeyKong/DonkeyKong.runs/synth_1/.Xil/Vivado-7984-ensc-pit-30/dcp27/donkey_kong_processing_system7_0_0_in_context.xdc, line 20).
Applied set_property CLOCK_BUFFER_TYPE = NONE for DDR_addr[4]. (constraint file  C:/Users/slippman/DonkeyKong/DonkeyKong.runs/synth_1/.Xil/Vivado-7984-ensc-pit-30/dcp27/donkey_kong_processing_system7_0_0_in_context.xdc, line 21).
Applied set_property IO_BUFFER_TYPE = NONE for DDR_addr[5]. (constraint file  C:/Users/slippman/DonkeyKong/DonkeyKong.runs/synth_1/.Xil/Vivado-7984-ensc-pit-30/dcp27/donkey_kong_processing_system7_0_0_in_context.xdc, line 22).
Applied set_property CLOCK_BUFFER_TYPE = NONE for DDR_addr[5]. (constraint file  C:/Users/slippman/DonkeyKong/DonkeyKong.runs/synth_1/.Xil/Vivado-7984-ensc-pit-30/dcp27/donkey_kong_processing_system7_0_0_in_context.xdc, line 23).
Applied set_property IO_BUFFER_TYPE = NONE for DDR_addr[6]. (constraint file  C:/Users/slippman/DonkeyKong/DonkeyKong.runs/synth_1/.Xil/Vivado-7984-ensc-pit-30/dcp27/donkey_kong_processing_system7_0_0_in_context.xdc, line 24).
Applied set_property CLOCK_BUFFER_TYPE = NONE for DDR_addr[6]. (constraint file  C:/Users/slippman/DonkeyKong/DonkeyKong.runs/synth_1/.Xil/Vivado-7984-ensc-pit-30/dcp27/donkey_kong_processing_system7_0_0_in_context.xdc, line 25).
Applied set_property IO_BUFFER_TYPE = NONE for DDR_addr[7]. (constraint file  C:/Users/slippman/DonkeyKong/DonkeyKong.runs/synth_1/.Xil/Vivado-7984-ensc-pit-30/dcp27/donkey_kong_processing_system7_0_0_in_context.xdc, line 26).
Applied set_property CLOCK_BUFFER_TYPE = NONE for DDR_addr[7]. (constraint file  C:/Users/slippman/DonkeyKong/DonkeyKong.runs/synth_1/.Xil/Vivado-7984-ensc-pit-30/dcp27/donkey_kong_processing_system7_0_0_in_context.xdc, line 27).
Applied set_property IO_BUFFER_TYPE = NONE for DDR_addr[8]. (constraint file  C:/Users/slippman/DonkeyKong/DonkeyKong.runs/synth_1/.Xil/Vivado-7984-ensc-pit-30/dcp27/donkey_kong_processing_system7_0_0_in_context.xdc, line 28).
Applied set_property CLOCK_BUFFER_TYPE = NONE for DDR_addr[8]. (constraint file  C:/Users/slippman/DonkeyKong/DonkeyKong.runs/synth_1/.Xil/Vivado-7984-ensc-pit-30/dcp27/donkey_kong_processing_system7_0_0_in_context.xdc, line 29).
Applied set_property IO_BUFFER_TYPE = NONE for DDR_addr[9]. (constraint file  C:/Users/slippman/DonkeyKong/DonkeyKong.runs/synth_1/.Xil/Vivado-7984-ensc-pit-30/dcp27/donkey_kong_processing_system7_0_0_in_context.xdc, line 30).
Applied set_property CLOCK_BUFFER_TYPE = NONE for DDR_addr[9]. (constraint file  C:/Users/slippman/DonkeyKong/DonkeyKong.runs/synth_1/.Xil/Vivado-7984-ensc-pit-30/dcp27/donkey_kong_processing_system7_0_0_in_context.xdc, line 31).
Applied set_property IO_BUFFER_TYPE = NONE for DDR_ba[0]. (constraint file  C:/Users/slippman/DonkeyKong/DonkeyKong.runs/synth_1/.Xil/Vivado-7984-ensc-pit-30/dcp27/donkey_kong_processing_system7_0_0_in_context.xdc, line 32).
Applied set_property CLOCK_BUFFER_TYPE = NONE for DDR_ba[0]. (constraint file  C:/Users/slippman/DonkeyKong/DonkeyKong.runs/synth_1/.Xil/Vivado-7984-ensc-pit-30/dcp27/donkey_kong_processing_system7_0_0_in_context.xdc, line 33).
Applied set_property IO_BUFFER_TYPE = NONE for DDR_ba[1]. (constraint file  C:/Users/slippman/DonkeyKong/DonkeyKong.runs/synth_1/.Xil/Vivado-7984-ensc-pit-30/dcp27/donkey_kong_processing_system7_0_0_in_context.xdc, line 34).
Applied set_property CLOCK_BUFFER_TYPE = NONE for DDR_ba[1]. (constraint file  C:/Users/slippman/DonkeyKong/DonkeyKong.runs/synth_1/.Xil/Vivado-7984-ensc-pit-30/dcp27/donkey_kong_processing_system7_0_0_in_context.xdc, line 35).
Applied set_property IO_BUFFER_TYPE = NONE for DDR_ba[2]. (constraint file  C:/Users/slippman/DonkeyKong/DonkeyKong.runs/synth_1/.Xil/Vivado-7984-ensc-pit-30/dcp27/donkey_kong_processing_system7_0_0_in_context.xdc, line 36).
Applied set_property CLOCK_BUFFER_TYPE = NONE for DDR_ba[2]. (constraint file  C:/Users/slippman/DonkeyKong/DonkeyKong.runs/synth_1/.Xil/Vivado-7984-ensc-pit-30/dcp27/donkey_kong_processing_system7_0_0_in_context.xdc, line 37).
Applied set_property IO_BUFFER_TYPE = NONE for DDR_cas_n. (constraint file  C:/Users/slippman/DonkeyKong/DonkeyKong.runs/synth_1/.Xil/Vivado-7984-ensc-pit-30/dcp27/donkey_kong_processing_system7_0_0_in_context.xdc, line 38).
Applied set_property CLOCK_BUFFER_TYPE = NONE for DDR_cas_n. (constraint file  C:/Users/slippman/DonkeyKong/DonkeyKong.runs/synth_1/.Xil/Vivado-7984-ensc-pit-30/dcp27/donkey_kong_processing_system7_0_0_in_context.xdc, line 39).
Applied set_property IO_BUFFER_TYPE = NONE for DDR_cke. (constraint file  C:/Users/slippman/DonkeyKong/DonkeyKong.runs/synth_1/.Xil/Vivado-7984-ensc-pit-30/dcp27/donkey_kong_processing_system7_0_0_in_context.xdc, line 40).
Applied set_property CLOCK_BUFFER_TYPE = NONE for DDR_cke. (constraint file  C:/Users/slippman/DonkeyKong/DonkeyKong.runs/synth_1/.Xil/Vivado-7984-ensc-pit-30/dcp27/donkey_kong_processing_system7_0_0_in_context.xdc, line 41).
Applied set_property IO_BUFFER_TYPE = NONE for DDR_cs_n. (constraint file  C:/Users/slippman/DonkeyKong/DonkeyKong.runs/synth_1/.Xil/Vivado-7984-ensc-pit-30/dcp27/donkey_kong_processing_system7_0_0_in_context.xdc, line 42).
Applied set_property CLOCK_BUFFER_TYPE = NONE for DDR_cs_n. (constraint file  C:/Users/slippman/DonkeyKong/DonkeyKong.runs/synth_1/.Xil/Vivado-7984-ensc-pit-30/dcp27/donkey_kong_processing_system7_0_0_in_context.xdc, line 43).
Applied set_property IO_BUFFER_TYPE = NONE for DDR_ck_p. (constraint file  C:/Users/slippman/DonkeyKong/DonkeyKong.runs/synth_1/.Xil/Vivado-7984-ensc-pit-30/dcp27/donkey_kong_processing_system7_0_0_in_context.xdc, line 44).
Applied set_property CLOCK_BUFFER_TYPE = NONE for DDR_ck_p. (constraint file  C:/Users/slippman/DonkeyKong/DonkeyKong.runs/synth_1/.Xil/Vivado-7984-ensc-pit-30/dcp27/donkey_kong_processing_system7_0_0_in_context.xdc, line 45).
Applied set_property IO_BUFFER_TYPE = NONE for DDR_ck_n. (constraint file  C:/Users/slippman/DonkeyKong/DonkeyKong.runs/synth_1/.Xil/Vivado-7984-ensc-pit-30/dcp27/donkey_kong_processing_system7_0_0_in_context.xdc, line 46).
Applied set_property CLOCK_BUFFER_TYPE = NONE for DDR_ck_n. (constraint file  C:/Users/slippman/DonkeyKong/DonkeyKong.runs/synth_1/.Xil/Vivado-7984-ensc-pit-30/dcp27/donkey_kong_processing_system7_0_0_in_context.xdc, line 47).
Applied set_property IO_BUFFER_TYPE = NONE for DDR_dm[0]. (constraint file  C:/Users/slippman/DonkeyKong/DonkeyKong.runs/synth_1/.Xil/Vivado-7984-ensc-pit-30/dcp27/donkey_kong_processing_system7_0_0_in_context.xdc, line 48).
Applied set_property CLOCK_BUFFER_TYPE = NONE for DDR_dm[0]. (constraint file  C:/Users/slippman/DonkeyKong/DonkeyKong.runs/synth_1/.Xil/Vivado-7984-ensc-pit-30/dcp27/donkey_kong_processing_system7_0_0_in_context.xdc, line 49).
Applied set_property IO_BUFFER_TYPE = NONE for DDR_dm[1]. (constraint file  C:/Users/slippman/DonkeyKong/DonkeyKong.runs/synth_1/.Xil/Vivado-7984-ensc-pit-30/dcp27/donkey_kong_processing_system7_0_0_in_context.xdc, line 50).
Applied set_property CLOCK_BUFFER_TYPE = NONE for DDR_dm[1]. (constraint file  C:/Users/slippman/DonkeyKong/DonkeyKong.runs/synth_1/.Xil/Vivado-7984-ensc-pit-30/dcp27/donkey_kong_processing_system7_0_0_in_context.xdc, line 51).
Applied set_property IO_BUFFER_TYPE = NONE for DDR_dm[2]. (constraint file  C:/Users/slippman/DonkeyKong/DonkeyKong.runs/synth_1/.Xil/Vivado-7984-ensc-pit-30/dcp27/donkey_kong_processing_system7_0_0_in_context.xdc, line 52).
Applied set_property CLOCK_BUFFER_TYPE = NONE for DDR_dm[2]. (constraint file  C:/Users/slippman/DonkeyKong/DonkeyKong.runs/synth_1/.Xil/Vivado-7984-ensc-pit-30/dcp27/donkey_kong_processing_system7_0_0_in_context.xdc, line 53).
Applied set_property IO_BUFFER_TYPE = NONE for DDR_dm[3]. (constraint file  C:/Users/slippman/DonkeyKong/DonkeyKong.runs/synth_1/.Xil/Vivado-7984-ensc-pit-30/dcp27/donkey_kong_processing_system7_0_0_in_context.xdc, line 54).
Applied set_property CLOCK_BUFFER_TYPE = NONE for DDR_dm[3]. (constraint file  C:/Users/slippman/DonkeyKong/DonkeyKong.runs/synth_1/.Xil/Vivado-7984-ensc-pit-30/dcp27/donkey_kong_processing_system7_0_0_in_context.xdc, line 55).
Applied set_property IO_BUFFER_TYPE = NONE for DDR_dqs_p[0]. (constraint file  C:/Users/slippman/DonkeyKong/DonkeyKong.runs/synth_1/.Xil/Vivado-7984-ensc-pit-30/dcp27/donkey_kong_processing_system7_0_0_in_context.xdc, line 56).
Applied set_property CLOCK_BUFFER_TYPE = NONE for DDR_dqs_p[0]. (constraint file  C:/Users/slippman/DonkeyKong/DonkeyKong.runs/synth_1/.Xil/Vivado-7984-ensc-pit-30/dcp27/donkey_kong_processing_system7_0_0_in_context.xdc, line 57).
Applied set_property IO_BUFFER_TYPE = NONE for DDR_dqs_p[1]. (constraint file  C:/Users/slippman/DonkeyKong/DonkeyKong.runs/synth_1/.Xil/Vivado-7984-ensc-pit-30/dcp27/donkey_kong_processing_system7_0_0_in_context.xdc, line 58).
Applied set_property CLOCK_BUFFER_TYPE = NONE for DDR_dqs_p[1]. (constraint file  C:/Users/slippman/DonkeyKong/DonkeyKong.runs/synth_1/.Xil/Vivado-7984-ensc-pit-30/dcp27/donkey_kong_processing_system7_0_0_in_context.xdc, line 59).
Applied set_property IO_BUFFER_TYPE = NONE for DDR_dqs_p[2]. (constraint file  C:/Users/slippman/DonkeyKong/DonkeyKong.runs/synth_1/.Xil/Vivado-7984-ensc-pit-30/dcp27/donkey_kong_processing_system7_0_0_in_context.xdc, line 60).
Applied set_property CLOCK_BUFFER_TYPE = NONE for DDR_dqs_p[2]. (constraint file  C:/Users/slippman/DonkeyKong/DonkeyKong.runs/synth_1/.Xil/Vivado-7984-ensc-pit-30/dcp27/donkey_kong_processing_system7_0_0_in_context.xdc, line 61).
Applied set_property IO_BUFFER_TYPE = NONE for DDR_dqs_p[3]. (constraint file  C:/Users/slippman/DonkeyKong/DonkeyKong.runs/synth_1/.Xil/Vivado-7984-ensc-pit-30/dcp27/donkey_kong_processing_system7_0_0_in_context.xdc, line 62).
Applied set_property CLOCK_BUFFER_TYPE = NONE for DDR_dqs_p[3]. (constraint file  C:/Users/slippman/DonkeyKong/DonkeyKong.runs/synth_1/.Xil/Vivado-7984-ensc-pit-30/dcp27/donkey_kong_processing_system7_0_0_in_context.xdc, line 63).
Applied set_property IO_BUFFER_TYPE = NONE for DDR_dqs_n[0]. (constraint file  C:/Users/slippman/DonkeyKong/DonkeyKong.runs/synth_1/.Xil/Vivado-7984-ensc-pit-30/dcp27/donkey_kong_processing_system7_0_0_in_context.xdc, line 64).
Applied set_property CLOCK_BUFFER_TYPE = NONE for DDR_dqs_n[0]. (constraint file  C:/Users/slippman/DonkeyKong/DonkeyKong.runs/synth_1/.Xil/Vivado-7984-ensc-pit-30/dcp27/donkey_kong_processing_system7_0_0_in_context.xdc, line 65).
Applied set_property IO_BUFFER_TYPE = NONE for DDR_dqs_n[1]. (constraint file  C:/Users/slippman/DonkeyKong/DonkeyKong.runs/synth_1/.Xil/Vivado-7984-ensc-pit-30/dcp27/donkey_kong_processing_system7_0_0_in_context.xdc, line 66).
Applied set_property CLOCK_BUFFER_TYPE = NONE for DDR_dqs_n[1]. (constraint file  C:/Users/slippman/DonkeyKong/DonkeyKong.runs/synth_1/.Xil/Vivado-7984-ensc-pit-30/dcp27/donkey_kong_processing_system7_0_0_in_context.xdc, line 67).
Applied set_property IO_BUFFER_TYPE = NONE for DDR_dqs_n[2]. (constraint file  C:/Users/slippman/DonkeyKong/DonkeyKong.runs/synth_1/.Xil/Vivado-7984-ensc-pit-30/dcp27/donkey_kong_processing_system7_0_0_in_context.xdc, line 68).
Applied set_property CLOCK_BUFFER_TYPE = NONE for DDR_dqs_n[2]. (constraint file  C:/Users/slippman/DonkeyKong/DonkeyKong.runs/synth_1/.Xil/Vivado-7984-ensc-pit-30/dcp27/donkey_kong_processing_system7_0_0_in_context.xdc, line 69).
Applied set_property IO_BUFFER_TYPE = NONE for DDR_dqs_n[3]. (constraint file  C:/Users/slippman/DonkeyKong/DonkeyKong.runs/synth_1/.Xil/Vivado-7984-ensc-pit-30/dcp27/donkey_kong_processing_system7_0_0_in_context.xdc, line 70).
Applied set_property CLOCK_BUFFER_TYPE = NONE for DDR_dqs_n[3]. (constraint file  C:/Users/slippman/DonkeyKong/DonkeyKong.runs/synth_1/.Xil/Vivado-7984-ensc-pit-30/dcp27/donkey_kong_processing_system7_0_0_in_context.xdc, line 71).
Applied set_property IO_BUFFER_TYPE = NONE for DDR_dq[0]. (constraint file  C:/Users/slippman/DonkeyKong/DonkeyKong.runs/synth_1/.Xil/Vivado-7984-ensc-pit-30/dcp27/donkey_kong_processing_system7_0_0_in_context.xdc, line 72).
Applied set_property CLOCK_BUFFER_TYPE = NONE for DDR_dq[0]. (constraint file  C:/Users/slippman/DonkeyKong/DonkeyKong.runs/synth_1/.Xil/Vivado-7984-ensc-pit-30/dcp27/donkey_kong_processing_system7_0_0_in_context.xdc, line 73).
Applied set_property IO_BUFFER_TYPE = NONE for DDR_dq[10]. (constraint file  C:/Users/slippman/DonkeyKong/DonkeyKong.runs/synth_1/.Xil/Vivado-7984-ensc-pit-30/dcp27/donkey_kong_processing_system7_0_0_in_context.xdc, line 74).
Applied set_property CLOCK_BUFFER_TYPE = NONE for DDR_dq[10]. (constraint file  C:/Users/slippman/DonkeyKong/DonkeyKong.runs/synth_1/.Xil/Vivado-7984-ensc-pit-30/dcp27/donkey_kong_processing_system7_0_0_in_context.xdc, line 75).
Applied set_property IO_BUFFER_TYPE = NONE for DDR_dq[11]. (constraint file  C:/Users/slippman/DonkeyKong/DonkeyKong.runs/synth_1/.Xil/Vivado-7984-ensc-pit-30/dcp27/donkey_kong_processing_system7_0_0_in_context.xdc, line 76).
Applied set_property CLOCK_BUFFER_TYPE = NONE for DDR_dq[11]. (constraint file  C:/Users/slippman/DonkeyKong/DonkeyKong.runs/synth_1/.Xil/Vivado-7984-ensc-pit-30/dcp27/donkey_kong_processing_system7_0_0_in_context.xdc, line 77).
Applied set_property IO_BUFFER_TYPE = NONE for DDR_dq[12]. (constraint file  C:/Users/slippman/DonkeyKong/DonkeyKong.runs/synth_1/.Xil/Vivado-7984-ensc-pit-30/dcp27/donkey_kong_processing_system7_0_0_in_context.xdc, line 78).
Applied set_property CLOCK_BUFFER_TYPE = NONE for DDR_dq[12]. (constraint file  C:/Users/slippman/DonkeyKong/DonkeyKong.runs/synth_1/.Xil/Vivado-7984-ensc-pit-30/dcp27/donkey_kong_processing_system7_0_0_in_context.xdc, line 79).
Applied set_property IO_BUFFER_TYPE = NONE for DDR_dq[13]. (constraint file  C:/Users/slippman/DonkeyKong/DonkeyKong.runs/synth_1/.Xil/Vivado-7984-ensc-pit-30/dcp27/donkey_kong_processing_system7_0_0_in_context.xdc, line 80).
Applied set_property CLOCK_BUFFER_TYPE = NONE for DDR_dq[13]. (constraint file  C:/Users/slippman/DonkeyKong/DonkeyKong.runs/synth_1/.Xil/Vivado-7984-ensc-pit-30/dcp27/donkey_kong_processing_system7_0_0_in_context.xdc, line 81).
Applied set_property IO_BUFFER_TYPE = NONE for DDR_dq[14]. (constraint file  C:/Users/slippman/DonkeyKong/DonkeyKong.runs/synth_1/.Xil/Vivado-7984-ensc-pit-30/dcp27/donkey_kong_processing_system7_0_0_in_context.xdc, line 82).
Applied set_property CLOCK_BUFFER_TYPE = NONE for DDR_dq[14]. (constraint file  C:/Users/slippman/DonkeyKong/DonkeyKong.runs/synth_1/.Xil/Vivado-7984-ensc-pit-30/dcp27/donkey_kong_processing_system7_0_0_in_context.xdc, line 83).
Applied set_property IO_BUFFER_TYPE = NONE for DDR_dq[15]. (constraint file  C:/Users/slippman/DonkeyKong/DonkeyKong.runs/synth_1/.Xil/Vivado-7984-ensc-pit-30/dcp27/donkey_kong_processing_system7_0_0_in_context.xdc, line 84).
Applied set_property CLOCK_BUFFER_TYPE = NONE for DDR_dq[15]. (constraint file  C:/Users/slippman/DonkeyKong/DonkeyKong.runs/synth_1/.Xil/Vivado-7984-ensc-pit-30/dcp27/donkey_kong_processing_system7_0_0_in_context.xdc, line 85).
Applied set_property IO_BUFFER_TYPE = NONE for DDR_dq[16]. (constraint file  C:/Users/slippman/DonkeyKong/DonkeyKong.runs/synth_1/.Xil/Vivado-7984-ensc-pit-30/dcp27/donkey_kong_processing_system7_0_0_in_context.xdc, line 86).
Applied set_property CLOCK_BUFFER_TYPE = NONE for DDR_dq[16]. (constraint file  C:/Users/slippman/DonkeyKong/DonkeyKong.runs/synth_1/.Xil/Vivado-7984-ensc-pit-30/dcp27/donkey_kong_processing_system7_0_0_in_context.xdc, line 87).
Applied set_property IO_BUFFER_TYPE = NONE for DDR_dq[17]. (constraint file  C:/Users/slippman/DonkeyKong/DonkeyKong.runs/synth_1/.Xil/Vivado-7984-ensc-pit-30/dcp27/donkey_kong_processing_system7_0_0_in_context.xdc, line 88).
Applied set_property CLOCK_BUFFER_TYPE = NONE for DDR_dq[17]. (constraint file  C:/Users/slippman/DonkeyKong/DonkeyKong.runs/synth_1/.Xil/Vivado-7984-ensc-pit-30/dcp27/donkey_kong_processing_system7_0_0_in_context.xdc, line 89).
Applied set_property IO_BUFFER_TYPE = NONE for DDR_dq[18]. (constraint file  C:/Users/slippman/DonkeyKong/DonkeyKong.runs/synth_1/.Xil/Vivado-7984-ensc-pit-30/dcp27/donkey_kong_processing_system7_0_0_in_context.xdc, line 90).
Applied set_property CLOCK_BUFFER_TYPE = NONE for DDR_dq[18]. (constraint file  C:/Users/slippman/DonkeyKong/DonkeyKong.runs/synth_1/.Xil/Vivado-7984-ensc-pit-30/dcp27/donkey_kong_processing_system7_0_0_in_context.xdc, line 91).
Applied set_property IO_BUFFER_TYPE = NONE for DDR_dq[19]. (constraint file  C:/Users/slippman/DonkeyKong/DonkeyKong.runs/synth_1/.Xil/Vivado-7984-ensc-pit-30/dcp27/donkey_kong_processing_system7_0_0_in_context.xdc, line 92).
Applied set_property CLOCK_BUFFER_TYPE = NONE for DDR_dq[19]. (constraint file  C:/Users/slippman/DonkeyKong/DonkeyKong.runs/synth_1/.Xil/Vivado-7984-ensc-pit-30/dcp27/donkey_kong_processing_system7_0_0_in_context.xdc, line 93).
Applied set_property IO_BUFFER_TYPE = NONE for DDR_dq[1]. (constraint file  C:/Users/slippman/DonkeyKong/DonkeyKong.runs/synth_1/.Xil/Vivado-7984-ensc-pit-30/dcp27/donkey_kong_processing_system7_0_0_in_context.xdc, line 94).
Applied set_property CLOCK_BUFFER_TYPE = NONE for DDR_dq[1]. (constraint file  C:/Users/slippman/DonkeyKong/DonkeyKong.runs/synth_1/.Xil/Vivado-7984-ensc-pit-30/dcp27/donkey_kong_processing_system7_0_0_in_context.xdc, line 95).
Applied set_property IO_BUFFER_TYPE = NONE for DDR_dq[20]. (constraint file  C:/Users/slippman/DonkeyKong/DonkeyKong.runs/synth_1/.Xil/Vivado-7984-ensc-pit-30/dcp27/donkey_kong_processing_system7_0_0_in_context.xdc, line 96).
Applied set_property CLOCK_BUFFER_TYPE = NONE for DDR_dq[20]. (constraint file  C:/Users/slippman/DonkeyKong/DonkeyKong.runs/synth_1/.Xil/Vivado-7984-ensc-pit-30/dcp27/donkey_kong_processing_system7_0_0_in_context.xdc, line 97).
Applied set_property IO_BUFFER_TYPE = NONE for DDR_dq[21]. (constraint file  C:/Users/slippman/DonkeyKong/DonkeyKong.runs/synth_1/.Xil/Vivado-7984-ensc-pit-30/dcp27/donkey_kong_processing_system7_0_0_in_context.xdc, line 98).
Applied set_property CLOCK_BUFFER_TYPE = NONE for DDR_dq[21]. (constraint file  C:/Users/slippman/DonkeyKong/DonkeyKong.runs/synth_1/.Xil/Vivado-7984-ensc-pit-30/dcp27/donkey_kong_processing_system7_0_0_in_context.xdc, line 99).
Applied set_property IO_BUFFER_TYPE = NONE for DDR_dq[22]. (constraint file  C:/Users/slippman/DonkeyKong/DonkeyKong.runs/synth_1/.Xil/Vivado-7984-ensc-pit-30/dcp27/donkey_kong_processing_system7_0_0_in_context.xdc, line 100).
Applied set_property CLOCK_BUFFER_TYPE = NONE for DDR_dq[22]. (constraint file  C:/Users/slippman/DonkeyKong/DonkeyKong.runs/synth_1/.Xil/Vivado-7984-ensc-pit-30/dcp27/donkey_kong_processing_system7_0_0_in_context.xdc, line 101).
Applied set_property IO_BUFFER_TYPE = NONE for DDR_dq[23]. (constraint file  C:/Users/slippman/DonkeyKong/DonkeyKong.runs/synth_1/.Xil/Vivado-7984-ensc-pit-30/dcp27/donkey_kong_processing_system7_0_0_in_context.xdc, line 102).
Applied set_property CLOCK_BUFFER_TYPE = NONE for DDR_dq[23]. (constraint file  C:/Users/slippman/DonkeyKong/DonkeyKong.runs/synth_1/.Xil/Vivado-7984-ensc-pit-30/dcp27/donkey_kong_processing_system7_0_0_in_context.xdc, line 103).
Applied set_property IO_BUFFER_TYPE = NONE for DDR_dq[24]. (constraint file  C:/Users/slippman/DonkeyKong/DonkeyKong.runs/synth_1/.Xil/Vivado-7984-ensc-pit-30/dcp27/donkey_kong_processing_system7_0_0_in_context.xdc, line 104).
Applied set_property CLOCK_BUFFER_TYPE = NONE for DDR_dq[24]. (constraint file  C:/Users/slippman/DonkeyKong/DonkeyKong.runs/synth_1/.Xil/Vivado-7984-ensc-pit-30/dcp27/donkey_kong_processing_system7_0_0_in_context.xdc, line 105).
Applied set_property IO_BUFFER_TYPE = NONE for DDR_dq[25]. (constraint file  C:/Users/slippman/DonkeyKong/DonkeyKong.runs/synth_1/.Xil/Vivado-7984-ensc-pit-30/dcp27/donkey_kong_processing_system7_0_0_in_context.xdc, line 106).
Applied set_property CLOCK_BUFFER_TYPE = NONE for DDR_dq[25]. (constraint file  C:/Users/slippman/DonkeyKong/DonkeyKong.runs/synth_1/.Xil/Vivado-7984-ensc-pit-30/dcp27/donkey_kong_processing_system7_0_0_in_context.xdc, line 107).
Applied set_property IO_BUFFER_TYPE = NONE for DDR_dq[26]. (constraint file  C:/Users/slippman/DonkeyKong/DonkeyKong.runs/synth_1/.Xil/Vivado-7984-ensc-pit-30/dcp27/donkey_kong_processing_system7_0_0_in_context.xdc, line 108).
Applied set_property CLOCK_BUFFER_TYPE = NONE for DDR_dq[26]. (constraint file  C:/Users/slippman/DonkeyKong/DonkeyKong.runs/synth_1/.Xil/Vivado-7984-ensc-pit-30/dcp27/donkey_kong_processing_system7_0_0_in_context.xdc, line 109).
Applied set_property IO_BUFFER_TYPE = NONE for DDR_dq[27]. (constraint file  C:/Users/slippman/DonkeyKong/DonkeyKong.runs/synth_1/.Xil/Vivado-7984-ensc-pit-30/dcp27/donkey_kong_processing_system7_0_0_in_context.xdc, line 110).
Applied set_property CLOCK_BUFFER_TYPE = NONE for DDR_dq[27]. (constraint file  C:/Users/slippman/DonkeyKong/DonkeyKong.runs/synth_1/.Xil/Vivado-7984-ensc-pit-30/dcp27/donkey_kong_processing_system7_0_0_in_context.xdc, line 111).
Applied set_property IO_BUFFER_TYPE = NONE for DDR_dq[28]. (constraint file  C:/Users/slippman/DonkeyKong/DonkeyKong.runs/synth_1/.Xil/Vivado-7984-ensc-pit-30/dcp27/donkey_kong_processing_system7_0_0_in_context.xdc, line 112).
Applied set_property CLOCK_BUFFER_TYPE = NONE for DDR_dq[28]. (constraint file  C:/Users/slippman/DonkeyKong/DonkeyKong.runs/synth_1/.Xil/Vivado-7984-ensc-pit-30/dcp27/donkey_kong_processing_system7_0_0_in_context.xdc, line 113).
Applied set_property IO_BUFFER_TYPE = NONE for DDR_dq[29]. (constraint file  C:/Users/slippman/DonkeyKong/DonkeyKong.runs/synth_1/.Xil/Vivado-7984-ensc-pit-30/dcp27/donkey_kong_processing_system7_0_0_in_context.xdc, line 114).
Applied set_property CLOCK_BUFFER_TYPE = NONE for DDR_dq[29]. (constraint file  C:/Users/slippman/DonkeyKong/DonkeyKong.runs/synth_1/.Xil/Vivado-7984-ensc-pit-30/dcp27/donkey_kong_processing_system7_0_0_in_context.xdc, line 115).
Applied set_property IO_BUFFER_TYPE = NONE for DDR_dq[2]. (constraint file  C:/Users/slippman/DonkeyKong/DonkeyKong.runs/synth_1/.Xil/Vivado-7984-ensc-pit-30/dcp27/donkey_kong_processing_system7_0_0_in_context.xdc, line 116).
Applied set_property CLOCK_BUFFER_TYPE = NONE for DDR_dq[2]. (constraint file  C:/Users/slippman/DonkeyKong/DonkeyKong.runs/synth_1/.Xil/Vivado-7984-ensc-pit-30/dcp27/donkey_kong_processing_system7_0_0_in_context.xdc, line 117).
Applied set_property IO_BUFFER_TYPE = NONE for DDR_dq[30]. (constraint file  C:/Users/slippman/DonkeyKong/DonkeyKong.runs/synth_1/.Xil/Vivado-7984-ensc-pit-30/dcp27/donkey_kong_processing_system7_0_0_in_context.xdc, line 118).
Applied set_property CLOCK_BUFFER_TYPE = NONE for DDR_dq[30]. (constraint file  C:/Users/slippman/DonkeyKong/DonkeyKong.runs/synth_1/.Xil/Vivado-7984-ensc-pit-30/dcp27/donkey_kong_processing_system7_0_0_in_context.xdc, line 119).
Applied set_property IO_BUFFER_TYPE = NONE for DDR_dq[31]. (constraint file  C:/Users/slippman/DonkeyKong/DonkeyKong.runs/synth_1/.Xil/Vivado-7984-ensc-pit-30/dcp27/donkey_kong_processing_system7_0_0_in_context.xdc, line 120).
Applied set_property CLOCK_BUFFER_TYPE = NONE for DDR_dq[31]. (constraint file  C:/Users/slippman/DonkeyKong/DonkeyKong.runs/synth_1/.Xil/Vivado-7984-ensc-pit-30/dcp27/donkey_kong_processing_system7_0_0_in_context.xdc, line 121).
Applied set_property IO_BUFFER_TYPE = NONE for DDR_dq[3]. (constraint file  C:/Users/slippman/DonkeyKong/DonkeyKong.runs/synth_1/.Xil/Vivado-7984-ensc-pit-30/dcp27/donkey_kong_processing_system7_0_0_in_context.xdc, line 122).
Applied set_property CLOCK_BUFFER_TYPE = NONE for DDR_dq[3]. (constraint file  C:/Users/slippman/DonkeyKong/DonkeyKong.runs/synth_1/.Xil/Vivado-7984-ensc-pit-30/dcp27/donkey_kong_processing_system7_0_0_in_context.xdc, line 123).
Applied set_property IO_BUFFER_TYPE = NONE for DDR_dq[4]. (constraint file  C:/Users/slippman/DonkeyKong/DonkeyKong.runs/synth_1/.Xil/Vivado-7984-ensc-pit-30/dcp27/donkey_kong_processing_system7_0_0_in_context.xdc, line 124).
Applied set_property CLOCK_BUFFER_TYPE = NONE for DDR_dq[4]. (constraint file  C:/Users/slippman/DonkeyKong/DonkeyKong.runs/synth_1/.Xil/Vivado-7984-ensc-pit-30/dcp27/donkey_kong_processing_system7_0_0_in_context.xdc, line 125).
Applied set_property IO_BUFFER_TYPE = NONE for DDR_dq[5]. (constraint file  C:/Users/slippman/DonkeyKong/DonkeyKong.runs/synth_1/.Xil/Vivado-7984-ensc-pit-30/dcp27/donkey_kong_processing_system7_0_0_in_context.xdc, line 126).
Applied set_property CLOCK_BUFFER_TYPE = NONE for DDR_dq[5]. (constraint file  C:/Users/slippman/DonkeyKong/DonkeyKong.runs/synth_1/.Xil/Vivado-7984-ensc-pit-30/dcp27/donkey_kong_processing_system7_0_0_in_context.xdc, line 127).
Applied set_property IO_BUFFER_TYPE = NONE for DDR_dq[6]. (constraint file  C:/Users/slippman/DonkeyKong/DonkeyKong.runs/synth_1/.Xil/Vivado-7984-ensc-pit-30/dcp27/donkey_kong_processing_system7_0_0_in_context.xdc, line 128).
Applied set_property CLOCK_BUFFER_TYPE = NONE for DDR_dq[6]. (constraint file  C:/Users/slippman/DonkeyKong/DonkeyKong.runs/synth_1/.Xil/Vivado-7984-ensc-pit-30/dcp27/donkey_kong_processing_system7_0_0_in_context.xdc, line 129).
Applied set_property IO_BUFFER_TYPE = NONE for DDR_dq[7]. (constraint file  C:/Users/slippman/DonkeyKong/DonkeyKong.runs/synth_1/.Xil/Vivado-7984-ensc-pit-30/dcp27/donkey_kong_processing_system7_0_0_in_context.xdc, line 130).
Applied set_property CLOCK_BUFFER_TYPE = NONE for DDR_dq[7]. (constraint file  C:/Users/slippman/DonkeyKong/DonkeyKong.runs/synth_1/.Xil/Vivado-7984-ensc-pit-30/dcp27/donkey_kong_processing_system7_0_0_in_context.xdc, line 131).
Applied set_property IO_BUFFER_TYPE = NONE for DDR_dq[8]. (constraint file  C:/Users/slippman/DonkeyKong/DonkeyKong.runs/synth_1/.Xil/Vivado-7984-ensc-pit-30/dcp27/donkey_kong_processing_system7_0_0_in_context.xdc, line 132).
Applied set_property CLOCK_BUFFER_TYPE = NONE for DDR_dq[8]. (constraint file  C:/Users/slippman/DonkeyKong/DonkeyKong.runs/synth_1/.Xil/Vivado-7984-ensc-pit-30/dcp27/donkey_kong_processing_system7_0_0_in_context.xdc, line 133).
Applied set_property IO_BUFFER_TYPE = NONE for DDR_dq[9]. (constraint file  C:/Users/slippman/DonkeyKong/DonkeyKong.runs/synth_1/.Xil/Vivado-7984-ensc-pit-30/dcp27/donkey_kong_processing_system7_0_0_in_context.xdc, line 134).
Applied set_property CLOCK_BUFFER_TYPE = NONE for DDR_dq[9]. (constraint file  C:/Users/slippman/DonkeyKong/DonkeyKong.runs/synth_1/.Xil/Vivado-7984-ensc-pit-30/dcp27/donkey_kong_processing_system7_0_0_in_context.xdc, line 135).
Applied set_property IO_BUFFER_TYPE = NONE for DDR_reset_n. (constraint file  C:/Users/slippman/DonkeyKong/DonkeyKong.runs/synth_1/.Xil/Vivado-7984-ensc-pit-30/dcp27/donkey_kong_processing_system7_0_0_in_context.xdc, line 136).
Applied set_property CLOCK_BUFFER_TYPE = NONE for DDR_reset_n. (constraint file  C:/Users/slippman/DonkeyKong/DonkeyKong.runs/synth_1/.Xil/Vivado-7984-ensc-pit-30/dcp27/donkey_kong_processing_system7_0_0_in_context.xdc, line 137).
Applied set_property IO_BUFFER_TYPE = NONE for DDR_odt. (constraint file  C:/Users/slippman/DonkeyKong/DonkeyKong.runs/synth_1/.Xil/Vivado-7984-ensc-pit-30/dcp27/donkey_kong_processing_system7_0_0_in_context.xdc, line 138).
Applied set_property CLOCK_BUFFER_TYPE = NONE for DDR_odt. (constraint file  C:/Users/slippman/DonkeyKong/DonkeyKong.runs/synth_1/.Xil/Vivado-7984-ensc-pit-30/dcp27/donkey_kong_processing_system7_0_0_in_context.xdc, line 139).
Applied set_property IO_BUFFER_TYPE = NONE for DDR_ras_n. (constraint file  C:/Users/slippman/DonkeyKong/DonkeyKong.runs/synth_1/.Xil/Vivado-7984-ensc-pit-30/dcp27/donkey_kong_processing_system7_0_0_in_context.xdc, line 140).
Applied set_property CLOCK_BUFFER_TYPE = NONE for DDR_ras_n. (constraint file  C:/Users/slippman/DonkeyKong/DonkeyKong.runs/synth_1/.Xil/Vivado-7984-ensc-pit-30/dcp27/donkey_kong_processing_system7_0_0_in_context.xdc, line 141).
Applied set_property IO_BUFFER_TYPE = NONE for FIXED_IO_ddr_vrn. (constraint file  C:/Users/slippman/DonkeyKong/DonkeyKong.runs/synth_1/.Xil/Vivado-7984-ensc-pit-30/dcp27/donkey_kong_processing_system7_0_0_in_context.xdc, line 142).
Applied set_property CLOCK_BUFFER_TYPE = NONE for FIXED_IO_ddr_vrn. (constraint file  C:/Users/slippman/DonkeyKong/DonkeyKong.runs/synth_1/.Xil/Vivado-7984-ensc-pit-30/dcp27/donkey_kong_processing_system7_0_0_in_context.xdc, line 143).
Applied set_property IO_BUFFER_TYPE = NONE for FIXED_IO_ddr_vrp. (constraint file  C:/Users/slippman/DonkeyKong/DonkeyKong.runs/synth_1/.Xil/Vivado-7984-ensc-pit-30/dcp27/donkey_kong_processing_system7_0_0_in_context.xdc, line 144).
Applied set_property CLOCK_BUFFER_TYPE = NONE for FIXED_IO_ddr_vrp. (constraint file  C:/Users/slippman/DonkeyKong/DonkeyKong.runs/synth_1/.Xil/Vivado-7984-ensc-pit-30/dcp27/donkey_kong_processing_system7_0_0_in_context.xdc, line 145).
Applied set_property IO_BUFFER_TYPE = NONE for DDR_we_n. (constraint file  C:/Users/slippman/DonkeyKong/DonkeyKong.runs/synth_1/.Xil/Vivado-7984-ensc-pit-30/dcp27/donkey_kong_processing_system7_0_0_in_context.xdc, line 146).
Applied set_property CLOCK_BUFFER_TYPE = NONE for DDR_we_n. (constraint file  C:/Users/slippman/DonkeyKong/DonkeyKong.runs/synth_1/.Xil/Vivado-7984-ensc-pit-30/dcp27/donkey_kong_processing_system7_0_0_in_context.xdc, line 147).
Applied set_property IO_BUFFER_TYPE = NONE for FIXED_IO_mio[0]. (constraint file  C:/Users/slippman/DonkeyKong/DonkeyKong.runs/synth_1/.Xil/Vivado-7984-ensc-pit-30/dcp27/donkey_kong_processing_system7_0_0_in_context.xdc, line 148).
Applied set_property CLOCK_BUFFER_TYPE = NONE for FIXED_IO_mio[0]. (constraint file  C:/Users/slippman/DonkeyKong/DonkeyKong.runs/synth_1/.Xil/Vivado-7984-ensc-pit-30/dcp27/donkey_kong_processing_system7_0_0_in_context.xdc, line 149).
Applied set_property IO_BUFFER_TYPE = NONE for FIXED_IO_mio[10]. (constraint file  C:/Users/slippman/DonkeyKong/DonkeyKong.runs/synth_1/.Xil/Vivado-7984-ensc-pit-30/dcp27/donkey_kong_processing_system7_0_0_in_context.xdc, line 150).
Applied set_property CLOCK_BUFFER_TYPE = NONE for FIXED_IO_mio[10]. (constraint file  C:/Users/slippman/DonkeyKong/DonkeyKong.runs/synth_1/.Xil/Vivado-7984-ensc-pit-30/dcp27/donkey_kong_processing_system7_0_0_in_context.xdc, line 151).
Applied set_property IO_BUFFER_TYPE = NONE for FIXED_IO_mio[11]. (constraint file  C:/Users/slippman/DonkeyKong/DonkeyKong.runs/synth_1/.Xil/Vivado-7984-ensc-pit-30/dcp27/donkey_kong_processing_system7_0_0_in_context.xdc, line 152).
Applied set_property CLOCK_BUFFER_TYPE = NONE for FIXED_IO_mio[11]. (constraint file  C:/Users/slippman/DonkeyKong/DonkeyKong.runs/synth_1/.Xil/Vivado-7984-ensc-pit-30/dcp27/donkey_kong_processing_system7_0_0_in_context.xdc, line 153).
Applied set_property IO_BUFFER_TYPE = NONE for FIXED_IO_mio[12]. (constraint file  C:/Users/slippman/DonkeyKong/DonkeyKong.runs/synth_1/.Xil/Vivado-7984-ensc-pit-30/dcp27/donkey_kong_processing_system7_0_0_in_context.xdc, line 154).
Applied set_property CLOCK_BUFFER_TYPE = NONE for FIXED_IO_mio[12]. (constraint file  C:/Users/slippman/DonkeyKong/DonkeyKong.runs/synth_1/.Xil/Vivado-7984-ensc-pit-30/dcp27/donkey_kong_processing_system7_0_0_in_context.xdc, line 155).
Applied set_property IO_BUFFER_TYPE = NONE for FIXED_IO_mio[13]. (constraint file  C:/Users/slippman/DonkeyKong/DonkeyKong.runs/synth_1/.Xil/Vivado-7984-ensc-pit-30/dcp27/donkey_kong_processing_system7_0_0_in_context.xdc, line 156).
Applied set_property CLOCK_BUFFER_TYPE = NONE for FIXED_IO_mio[13]. (constraint file  C:/Users/slippman/DonkeyKong/DonkeyKong.runs/synth_1/.Xil/Vivado-7984-ensc-pit-30/dcp27/donkey_kong_processing_system7_0_0_in_context.xdc, line 157).
Applied set_property IO_BUFFER_TYPE = NONE for FIXED_IO_mio[14]. (constraint file  C:/Users/slippman/DonkeyKong/DonkeyKong.runs/synth_1/.Xil/Vivado-7984-ensc-pit-30/dcp27/donkey_kong_processing_system7_0_0_in_context.xdc, line 158).
Applied set_property CLOCK_BUFFER_TYPE = NONE for FIXED_IO_mio[14]. (constraint file  C:/Users/slippman/DonkeyKong/DonkeyKong.runs/synth_1/.Xil/Vivado-7984-ensc-pit-30/dcp27/donkey_kong_processing_system7_0_0_in_context.xdc, line 159).
Applied set_property IO_BUFFER_TYPE = NONE for FIXED_IO_mio[15]. (constraint file  C:/Users/slippman/DonkeyKong/DonkeyKong.runs/synth_1/.Xil/Vivado-7984-ensc-pit-30/dcp27/donkey_kong_processing_system7_0_0_in_context.xdc, line 160).
Applied set_property CLOCK_BUFFER_TYPE = NONE for FIXED_IO_mio[15]. (constraint file  C:/Users/slippman/DonkeyKong/DonkeyKong.runs/synth_1/.Xil/Vivado-7984-ensc-pit-30/dcp27/donkey_kong_processing_system7_0_0_in_context.xdc, line 161).
Applied set_property IO_BUFFER_TYPE = NONE for FIXED_IO_mio[16]. (constraint file  C:/Users/slippman/DonkeyKong/DonkeyKong.runs/synth_1/.Xil/Vivado-7984-ensc-pit-30/dcp27/donkey_kong_processing_system7_0_0_in_context.xdc, line 162).
Applied set_property CLOCK_BUFFER_TYPE = NONE for FIXED_IO_mio[16]. (constraint file  C:/Users/slippman/DonkeyKong/DonkeyKong.runs/synth_1/.Xil/Vivado-7984-ensc-pit-30/dcp27/donkey_kong_processing_system7_0_0_in_context.xdc, line 163).
Applied set_property IO_BUFFER_TYPE = NONE for FIXED_IO_mio[17]. (constraint file  C:/Users/slippman/DonkeyKong/DonkeyKong.runs/synth_1/.Xil/Vivado-7984-ensc-pit-30/dcp27/donkey_kong_processing_system7_0_0_in_context.xdc, line 164).
Applied set_property CLOCK_BUFFER_TYPE = NONE for FIXED_IO_mio[17]. (constraint file  C:/Users/slippman/DonkeyKong/DonkeyKong.runs/synth_1/.Xil/Vivado-7984-ensc-pit-30/dcp27/donkey_kong_processing_system7_0_0_in_context.xdc, line 165).
Applied set_property IO_BUFFER_TYPE = NONE for FIXED_IO_mio[18]. (constraint file  C:/Users/slippman/DonkeyKong/DonkeyKong.runs/synth_1/.Xil/Vivado-7984-ensc-pit-30/dcp27/donkey_kong_processing_system7_0_0_in_context.xdc, line 166).
Applied set_property CLOCK_BUFFER_TYPE = NONE for FIXED_IO_mio[18]. (constraint file  C:/Users/slippman/DonkeyKong/DonkeyKong.runs/synth_1/.Xil/Vivado-7984-ensc-pit-30/dcp27/donkey_kong_processing_system7_0_0_in_context.xdc, line 167).
Applied set_property IO_BUFFER_TYPE = NONE for FIXED_IO_mio[19]. (constraint file  C:/Users/slippman/DonkeyKong/DonkeyKong.runs/synth_1/.Xil/Vivado-7984-ensc-pit-30/dcp27/donkey_kong_processing_system7_0_0_in_context.xdc, line 168).
Applied set_property CLOCK_BUFFER_TYPE = NONE for FIXED_IO_mio[19]. (constraint file  C:/Users/slippman/DonkeyKong/DonkeyKong.runs/synth_1/.Xil/Vivado-7984-ensc-pit-30/dcp27/donkey_kong_processing_system7_0_0_in_context.xdc, line 169).
Applied set_property IO_BUFFER_TYPE = NONE for FIXED_IO_mio[1]. (constraint file  C:/Users/slippman/DonkeyKong/DonkeyKong.runs/synth_1/.Xil/Vivado-7984-ensc-pit-30/dcp27/donkey_kong_processing_system7_0_0_in_context.xdc, line 170).
Applied set_property CLOCK_BUFFER_TYPE = NONE for FIXED_IO_mio[1]. (constraint file  C:/Users/slippman/DonkeyKong/DonkeyKong.runs/synth_1/.Xil/Vivado-7984-ensc-pit-30/dcp27/donkey_kong_processing_system7_0_0_in_context.xdc, line 171).
Applied set_property IO_BUFFER_TYPE = NONE for FIXED_IO_mio[20]. (constraint file  C:/Users/slippman/DonkeyKong/DonkeyKong.runs/synth_1/.Xil/Vivado-7984-ensc-pit-30/dcp27/donkey_kong_processing_system7_0_0_in_context.xdc, line 172).
Applied set_property CLOCK_BUFFER_TYPE = NONE for FIXED_IO_mio[20]. (constraint file  C:/Users/slippman/DonkeyKong/DonkeyKong.runs/synth_1/.Xil/Vivado-7984-ensc-pit-30/dcp27/donkey_kong_processing_system7_0_0_in_context.xdc, line 173).
Applied set_property IO_BUFFER_TYPE = NONE for FIXED_IO_mio[21]. (constraint file  C:/Users/slippman/DonkeyKong/DonkeyKong.runs/synth_1/.Xil/Vivado-7984-ensc-pit-30/dcp27/donkey_kong_processing_system7_0_0_in_context.xdc, line 174).
Applied set_property CLOCK_BUFFER_TYPE = NONE for FIXED_IO_mio[21]. (constraint file  C:/Users/slippman/DonkeyKong/DonkeyKong.runs/synth_1/.Xil/Vivado-7984-ensc-pit-30/dcp27/donkey_kong_processing_system7_0_0_in_context.xdc, line 175).
Applied set_property IO_BUFFER_TYPE = NONE for FIXED_IO_mio[22]. (constraint file  C:/Users/slippman/DonkeyKong/DonkeyKong.runs/synth_1/.Xil/Vivado-7984-ensc-pit-30/dcp27/donkey_kong_processing_system7_0_0_in_context.xdc, line 176).
Applied set_property CLOCK_BUFFER_TYPE = NONE for FIXED_IO_mio[22]. (constraint file  C:/Users/slippman/DonkeyKong/DonkeyKong.runs/synth_1/.Xil/Vivado-7984-ensc-pit-30/dcp27/donkey_kong_processing_system7_0_0_in_context.xdc, line 177).
Applied set_property IO_BUFFER_TYPE = NONE for FIXED_IO_mio[23]. (constraint file  C:/Users/slippman/DonkeyKong/DonkeyKong.runs/synth_1/.Xil/Vivado-7984-ensc-pit-30/dcp27/donkey_kong_processing_system7_0_0_in_context.xdc, line 178).
Applied set_property CLOCK_BUFFER_TYPE = NONE for FIXED_IO_mio[23]. (constraint file  C:/Users/slippman/DonkeyKong/DonkeyKong.runs/synth_1/.Xil/Vivado-7984-ensc-pit-30/dcp27/donkey_kong_processing_system7_0_0_in_context.xdc, line 179).
Applied set_property IO_BUFFER_TYPE = NONE for FIXED_IO_mio[24]. (constraint file  C:/Users/slippman/DonkeyKong/DonkeyKong.runs/synth_1/.Xil/Vivado-7984-ensc-pit-30/dcp27/donkey_kong_processing_system7_0_0_in_context.xdc, line 180).
Applied set_property CLOCK_BUFFER_TYPE = NONE for FIXED_IO_mio[24]. (constraint file  C:/Users/slippman/DonkeyKong/DonkeyKong.runs/synth_1/.Xil/Vivado-7984-ensc-pit-30/dcp27/donkey_kong_processing_system7_0_0_in_context.xdc, line 181).
Applied set_property IO_BUFFER_TYPE = NONE for FIXED_IO_mio[25]. (constraint file  C:/Users/slippman/DonkeyKong/DonkeyKong.runs/synth_1/.Xil/Vivado-7984-ensc-pit-30/dcp27/donkey_kong_processing_system7_0_0_in_context.xdc, line 182).
Applied set_property CLOCK_BUFFER_TYPE = NONE for FIXED_IO_mio[25]. (constraint file  C:/Users/slippman/DonkeyKong/DonkeyKong.runs/synth_1/.Xil/Vivado-7984-ensc-pit-30/dcp27/donkey_kong_processing_system7_0_0_in_context.xdc, line 183).
Applied set_property IO_BUFFER_TYPE = NONE for FIXED_IO_mio[26]. (constraint file  C:/Users/slippman/DonkeyKong/DonkeyKong.runs/synth_1/.Xil/Vivado-7984-ensc-pit-30/dcp27/donkey_kong_processing_system7_0_0_in_context.xdc, line 184).
Applied set_property CLOCK_BUFFER_TYPE = NONE for FIXED_IO_mio[26]. (constraint file  C:/Users/slippman/DonkeyKong/DonkeyKong.runs/synth_1/.Xil/Vivado-7984-ensc-pit-30/dcp27/donkey_kong_processing_system7_0_0_in_context.xdc, line 185).
Applied set_property IO_BUFFER_TYPE = NONE for FIXED_IO_mio[27]. (constraint file  C:/Users/slippman/DonkeyKong/DonkeyKong.runs/synth_1/.Xil/Vivado-7984-ensc-pit-30/dcp27/donkey_kong_processing_system7_0_0_in_context.xdc, line 186).
Applied set_property CLOCK_BUFFER_TYPE = NONE for FIXED_IO_mio[27]. (constraint file  C:/Users/slippman/DonkeyKong/DonkeyKong.runs/synth_1/.Xil/Vivado-7984-ensc-pit-30/dcp27/donkey_kong_processing_system7_0_0_in_context.xdc, line 187).
Applied set_property IO_BUFFER_TYPE = NONE for FIXED_IO_mio[28]. (constraint file  C:/Users/slippman/DonkeyKong/DonkeyKong.runs/synth_1/.Xil/Vivado-7984-ensc-pit-30/dcp27/donkey_kong_processing_system7_0_0_in_context.xdc, line 188).
Applied set_property CLOCK_BUFFER_TYPE = NONE for FIXED_IO_mio[28]. (constraint file  C:/Users/slippman/DonkeyKong/DonkeyKong.runs/synth_1/.Xil/Vivado-7984-ensc-pit-30/dcp27/donkey_kong_processing_system7_0_0_in_context.xdc, line 189).
Applied set_property IO_BUFFER_TYPE = NONE for FIXED_IO_mio[29]. (constraint file  C:/Users/slippman/DonkeyKong/DonkeyKong.runs/synth_1/.Xil/Vivado-7984-ensc-pit-30/dcp27/donkey_kong_processing_system7_0_0_in_context.xdc, line 190).
Applied set_property CLOCK_BUFFER_TYPE = NONE for FIXED_IO_mio[29]. (constraint file  C:/Users/slippman/DonkeyKong/DonkeyKong.runs/synth_1/.Xil/Vivado-7984-ensc-pit-30/dcp27/donkey_kong_processing_system7_0_0_in_context.xdc, line 191).
Applied set_property IO_BUFFER_TYPE = NONE for FIXED_IO_mio[2]. (constraint file  C:/Users/slippman/DonkeyKong/DonkeyKong.runs/synth_1/.Xil/Vivado-7984-ensc-pit-30/dcp27/donkey_kong_processing_system7_0_0_in_context.xdc, line 192).
Applied set_property CLOCK_BUFFER_TYPE = NONE for FIXED_IO_mio[2]. (constraint file  C:/Users/slippman/DonkeyKong/DonkeyKong.runs/synth_1/.Xil/Vivado-7984-ensc-pit-30/dcp27/donkey_kong_processing_system7_0_0_in_context.xdc, line 193).
Applied set_property IO_BUFFER_TYPE = NONE for FIXED_IO_mio[30]. (constraint file  C:/Users/slippman/DonkeyKong/DonkeyKong.runs/synth_1/.Xil/Vivado-7984-ensc-pit-30/dcp27/donkey_kong_processing_system7_0_0_in_context.xdc, line 194).
Applied set_property CLOCK_BUFFER_TYPE = NONE for FIXED_IO_mio[30]. (constraint file  C:/Users/slippman/DonkeyKong/DonkeyKong.runs/synth_1/.Xil/Vivado-7984-ensc-pit-30/dcp27/donkey_kong_processing_system7_0_0_in_context.xdc, line 195).
Applied set_property IO_BUFFER_TYPE = NONE for FIXED_IO_mio[31]. (constraint file  C:/Users/slippman/DonkeyKong/DonkeyKong.runs/synth_1/.Xil/Vivado-7984-ensc-pit-30/dcp27/donkey_kong_processing_system7_0_0_in_context.xdc, line 196).
Applied set_property CLOCK_BUFFER_TYPE = NONE for FIXED_IO_mio[31]. (constraint file  C:/Users/slippman/DonkeyKong/DonkeyKong.runs/synth_1/.Xil/Vivado-7984-ensc-pit-30/dcp27/donkey_kong_processing_system7_0_0_in_context.xdc, line 197).
Applied set_property IO_BUFFER_TYPE = NONE for FIXED_IO_mio[32]. (constraint file  C:/Users/slippman/DonkeyKong/DonkeyKong.runs/synth_1/.Xil/Vivado-7984-ensc-pit-30/dcp27/donkey_kong_processing_system7_0_0_in_context.xdc, line 198).
Applied set_property CLOCK_BUFFER_TYPE = NONE for FIXED_IO_mio[32]. (constraint file  C:/Users/slippman/DonkeyKong/DonkeyKong.runs/synth_1/.Xil/Vivado-7984-ensc-pit-30/dcp27/donkey_kong_processing_system7_0_0_in_context.xdc, line 199).
Applied set_property IO_BUFFER_TYPE = NONE for FIXED_IO_mio[33]. (constraint file  C:/Users/slippman/DonkeyKong/DonkeyKong.runs/synth_1/.Xil/Vivado-7984-ensc-pit-30/dcp27/donkey_kong_processing_system7_0_0_in_context.xdc, line 200).
Applied set_property CLOCK_BUFFER_TYPE = NONE for FIXED_IO_mio[33]. (constraint file  C:/Users/slippman/DonkeyKong/DonkeyKong.runs/synth_1/.Xil/Vivado-7984-ensc-pit-30/dcp27/donkey_kong_processing_system7_0_0_in_context.xdc, line 201).
Applied set_property IO_BUFFER_TYPE = NONE for FIXED_IO_mio[34]. (constraint file  C:/Users/slippman/DonkeyKong/DonkeyKong.runs/synth_1/.Xil/Vivado-7984-ensc-pit-30/dcp27/donkey_kong_processing_system7_0_0_in_context.xdc, line 202).
Applied set_property CLOCK_BUFFER_TYPE = NONE for FIXED_IO_mio[34]. (constraint file  C:/Users/slippman/DonkeyKong/DonkeyKong.runs/synth_1/.Xil/Vivado-7984-ensc-pit-30/dcp27/donkey_kong_processing_system7_0_0_in_context.xdc, line 203).
Applied set_property IO_BUFFER_TYPE = NONE for FIXED_IO_mio[35]. (constraint file  C:/Users/slippman/DonkeyKong/DonkeyKong.runs/synth_1/.Xil/Vivado-7984-ensc-pit-30/dcp27/donkey_kong_processing_system7_0_0_in_context.xdc, line 204).
Applied set_property CLOCK_BUFFER_TYPE = NONE for FIXED_IO_mio[35]. (constraint file  C:/Users/slippman/DonkeyKong/DonkeyKong.runs/synth_1/.Xil/Vivado-7984-ensc-pit-30/dcp27/donkey_kong_processing_system7_0_0_in_context.xdc, line 205).
Applied set_property IO_BUFFER_TYPE = NONE for FIXED_IO_mio[36]. (constraint file  C:/Users/slippman/DonkeyKong/DonkeyKong.runs/synth_1/.Xil/Vivado-7984-ensc-pit-30/dcp27/donkey_kong_processing_system7_0_0_in_context.xdc, line 206).
Applied set_property CLOCK_BUFFER_TYPE = NONE for FIXED_IO_mio[36]. (constraint file  C:/Users/slippman/DonkeyKong/DonkeyKong.runs/synth_1/.Xil/Vivado-7984-ensc-pit-30/dcp27/donkey_kong_processing_system7_0_0_in_context.xdc, line 207).
Applied set_property IO_BUFFER_TYPE = NONE for FIXED_IO_mio[37]. (constraint file  C:/Users/slippman/DonkeyKong/DonkeyKong.runs/synth_1/.Xil/Vivado-7984-ensc-pit-30/dcp27/donkey_kong_processing_system7_0_0_in_context.xdc, line 208).
Applied set_property CLOCK_BUFFER_TYPE = NONE for FIXED_IO_mio[37]. (constraint file  C:/Users/slippman/DonkeyKong/DonkeyKong.runs/synth_1/.Xil/Vivado-7984-ensc-pit-30/dcp27/donkey_kong_processing_system7_0_0_in_context.xdc, line 209).
Applied set_property IO_BUFFER_TYPE = NONE for FIXED_IO_mio[38]. (constraint file  C:/Users/slippman/DonkeyKong/DonkeyKong.runs/synth_1/.Xil/Vivado-7984-ensc-pit-30/dcp27/donkey_kong_processing_system7_0_0_in_context.xdc, line 210).
Applied set_property CLOCK_BUFFER_TYPE = NONE for FIXED_IO_mio[38]. (constraint file  C:/Users/slippman/DonkeyKong/DonkeyKong.runs/synth_1/.Xil/Vivado-7984-ensc-pit-30/dcp27/donkey_kong_processing_system7_0_0_in_context.xdc, line 211).
Applied set_property IO_BUFFER_TYPE = NONE for FIXED_IO_mio[39]. (constraint file  C:/Users/slippman/DonkeyKong/DonkeyKong.runs/synth_1/.Xil/Vivado-7984-ensc-pit-30/dcp27/donkey_kong_processing_system7_0_0_in_context.xdc, line 212).
Applied set_property CLOCK_BUFFER_TYPE = NONE for FIXED_IO_mio[39]. (constraint file  C:/Users/slippman/DonkeyKong/DonkeyKong.runs/synth_1/.Xil/Vivado-7984-ensc-pit-30/dcp27/donkey_kong_processing_system7_0_0_in_context.xdc, line 213).
Applied set_property IO_BUFFER_TYPE = NONE for FIXED_IO_mio[3]. (constraint file  C:/Users/slippman/DonkeyKong/DonkeyKong.runs/synth_1/.Xil/Vivado-7984-ensc-pit-30/dcp27/donkey_kong_processing_system7_0_0_in_context.xdc, line 214).
Applied set_property CLOCK_BUFFER_TYPE = NONE for FIXED_IO_mio[3]. (constraint file  C:/Users/slippman/DonkeyKong/DonkeyKong.runs/synth_1/.Xil/Vivado-7984-ensc-pit-30/dcp27/donkey_kong_processing_system7_0_0_in_context.xdc, line 215).
Applied set_property IO_BUFFER_TYPE = NONE for FIXED_IO_mio[40]. (constraint file  C:/Users/slippman/DonkeyKong/DonkeyKong.runs/synth_1/.Xil/Vivado-7984-ensc-pit-30/dcp27/donkey_kong_processing_system7_0_0_in_context.xdc, line 216).
Applied set_property CLOCK_BUFFER_TYPE = NONE for FIXED_IO_mio[40]. (constraint file  C:/Users/slippman/DonkeyKong/DonkeyKong.runs/synth_1/.Xil/Vivado-7984-ensc-pit-30/dcp27/donkey_kong_processing_system7_0_0_in_context.xdc, line 217).
Applied set_property IO_BUFFER_TYPE = NONE for FIXED_IO_mio[41]. (constraint file  C:/Users/slippman/DonkeyKong/DonkeyKong.runs/synth_1/.Xil/Vivado-7984-ensc-pit-30/dcp27/donkey_kong_processing_system7_0_0_in_context.xdc, line 218).
Applied set_property CLOCK_BUFFER_TYPE = NONE for FIXED_IO_mio[41]. (constraint file  C:/Users/slippman/DonkeyKong/DonkeyKong.runs/synth_1/.Xil/Vivado-7984-ensc-pit-30/dcp27/donkey_kong_processing_system7_0_0_in_context.xdc, line 219).
Applied set_property IO_BUFFER_TYPE = NONE for FIXED_IO_mio[42]. (constraint file  C:/Users/slippman/DonkeyKong/DonkeyKong.runs/synth_1/.Xil/Vivado-7984-ensc-pit-30/dcp27/donkey_kong_processing_system7_0_0_in_context.xdc, line 220).
Applied set_property CLOCK_BUFFER_TYPE = NONE for FIXED_IO_mio[42]. (constraint file  C:/Users/slippman/DonkeyKong/DonkeyKong.runs/synth_1/.Xil/Vivado-7984-ensc-pit-30/dcp27/donkey_kong_processing_system7_0_0_in_context.xdc, line 221).
Applied set_property IO_BUFFER_TYPE = NONE for FIXED_IO_mio[43]. (constraint file  C:/Users/slippman/DonkeyKong/DonkeyKong.runs/synth_1/.Xil/Vivado-7984-ensc-pit-30/dcp27/donkey_kong_processing_system7_0_0_in_context.xdc, line 222).
Applied set_property CLOCK_BUFFER_TYPE = NONE for FIXED_IO_mio[43]. (constraint file  C:/Users/slippman/DonkeyKong/DonkeyKong.runs/synth_1/.Xil/Vivado-7984-ensc-pit-30/dcp27/donkey_kong_processing_system7_0_0_in_context.xdc, line 223).
Applied set_property IO_BUFFER_TYPE = NONE for FIXED_IO_mio[44]. (constraint file  C:/Users/slippman/DonkeyKong/DonkeyKong.runs/synth_1/.Xil/Vivado-7984-ensc-pit-30/dcp27/donkey_kong_processing_system7_0_0_in_context.xdc, line 224).
Applied set_property CLOCK_BUFFER_TYPE = NONE for FIXED_IO_mio[44]. (constraint file  C:/Users/slippman/DonkeyKong/DonkeyKong.runs/synth_1/.Xil/Vivado-7984-ensc-pit-30/dcp27/donkey_kong_processing_system7_0_0_in_context.xdc, line 225).
Applied set_property IO_BUFFER_TYPE = NONE for FIXED_IO_mio[45]. (constraint file  C:/Users/slippman/DonkeyKong/DonkeyKong.runs/synth_1/.Xil/Vivado-7984-ensc-pit-30/dcp27/donkey_kong_processing_system7_0_0_in_context.xdc, line 226).
Applied set_property CLOCK_BUFFER_TYPE = NONE for FIXED_IO_mio[45]. (constraint file  C:/Users/slippman/DonkeyKong/DonkeyKong.runs/synth_1/.Xil/Vivado-7984-ensc-pit-30/dcp27/donkey_kong_processing_system7_0_0_in_context.xdc, line 227).
Applied set_property IO_BUFFER_TYPE = NONE for FIXED_IO_mio[46]. (constraint file  C:/Users/slippman/DonkeyKong/DonkeyKong.runs/synth_1/.Xil/Vivado-7984-ensc-pit-30/dcp27/donkey_kong_processing_system7_0_0_in_context.xdc, line 228).
Applied set_property CLOCK_BUFFER_TYPE = NONE for FIXED_IO_mio[46]. (constraint file  C:/Users/slippman/DonkeyKong/DonkeyKong.runs/synth_1/.Xil/Vivado-7984-ensc-pit-30/dcp27/donkey_kong_processing_system7_0_0_in_context.xdc, line 229).
Applied set_property IO_BUFFER_TYPE = NONE for FIXED_IO_mio[47]. (constraint file  C:/Users/slippman/DonkeyKong/DonkeyKong.runs/synth_1/.Xil/Vivado-7984-ensc-pit-30/dcp27/donkey_kong_processing_system7_0_0_in_context.xdc, line 230).
Applied set_property CLOCK_BUFFER_TYPE = NONE for FIXED_IO_mio[47]. (constraint file  C:/Users/slippman/DonkeyKong/DonkeyKong.runs/synth_1/.Xil/Vivado-7984-ensc-pit-30/dcp27/donkey_kong_processing_system7_0_0_in_context.xdc, line 231).
Applied set_property IO_BUFFER_TYPE = NONE for FIXED_IO_mio[48]. (constraint file  C:/Users/slippman/DonkeyKong/DonkeyKong.runs/synth_1/.Xil/Vivado-7984-ensc-pit-30/dcp27/donkey_kong_processing_system7_0_0_in_context.xdc, line 232).
Applied set_property CLOCK_BUFFER_TYPE = NONE for FIXED_IO_mio[48]. (constraint file  C:/Users/slippman/DonkeyKong/DonkeyKong.runs/synth_1/.Xil/Vivado-7984-ensc-pit-30/dcp27/donkey_kong_processing_system7_0_0_in_context.xdc, line 233).
Applied set_property IO_BUFFER_TYPE = NONE for FIXED_IO_mio[49]. (constraint file  C:/Users/slippman/DonkeyKong/DonkeyKong.runs/synth_1/.Xil/Vivado-7984-ensc-pit-30/dcp27/donkey_kong_processing_system7_0_0_in_context.xdc, line 234).
Applied set_property CLOCK_BUFFER_TYPE = NONE for FIXED_IO_mio[49]. (constraint file  C:/Users/slippman/DonkeyKong/DonkeyKong.runs/synth_1/.Xil/Vivado-7984-ensc-pit-30/dcp27/donkey_kong_processing_system7_0_0_in_context.xdc, line 235).
Applied set_property IO_BUFFER_TYPE = NONE for FIXED_IO_mio[4]. (constraint file  C:/Users/slippman/DonkeyKong/DonkeyKong.runs/synth_1/.Xil/Vivado-7984-ensc-pit-30/dcp27/donkey_kong_processing_system7_0_0_in_context.xdc, line 236).
Applied set_property CLOCK_BUFFER_TYPE = NONE for FIXED_IO_mio[4]. (constraint file  C:/Users/slippman/DonkeyKong/DonkeyKong.runs/synth_1/.Xil/Vivado-7984-ensc-pit-30/dcp27/donkey_kong_processing_system7_0_0_in_context.xdc, line 237).
Applied set_property IO_BUFFER_TYPE = NONE for FIXED_IO_mio[50]. (constraint file  C:/Users/slippman/DonkeyKong/DonkeyKong.runs/synth_1/.Xil/Vivado-7984-ensc-pit-30/dcp27/donkey_kong_processing_system7_0_0_in_context.xdc, line 238).
Applied set_property CLOCK_BUFFER_TYPE = NONE for FIXED_IO_mio[50]. (constraint file  C:/Users/slippman/DonkeyKong/DonkeyKong.runs/synth_1/.Xil/Vivado-7984-ensc-pit-30/dcp27/donkey_kong_processing_system7_0_0_in_context.xdc, line 239).
Applied set_property IO_BUFFER_TYPE = NONE for FIXED_IO_mio[51]. (constraint file  C:/Users/slippman/DonkeyKong/DonkeyKong.runs/synth_1/.Xil/Vivado-7984-ensc-pit-30/dcp27/donkey_kong_processing_system7_0_0_in_context.xdc, line 240).
Applied set_property CLOCK_BUFFER_TYPE = NONE for FIXED_IO_mio[51]. (constraint file  C:/Users/slippman/DonkeyKong/DonkeyKong.runs/synth_1/.Xil/Vivado-7984-ensc-pit-30/dcp27/donkey_kong_processing_system7_0_0_in_context.xdc, line 241).
Applied set_property IO_BUFFER_TYPE = NONE for FIXED_IO_mio[52]. (constraint file  C:/Users/slippman/DonkeyKong/DonkeyKong.runs/synth_1/.Xil/Vivado-7984-ensc-pit-30/dcp27/donkey_kong_processing_system7_0_0_in_context.xdc, line 242).
Applied set_property CLOCK_BUFFER_TYPE = NONE for FIXED_IO_mio[52]. (constraint file  C:/Users/slippman/DonkeyKong/DonkeyKong.runs/synth_1/.Xil/Vivado-7984-ensc-pit-30/dcp27/donkey_kong_processing_system7_0_0_in_context.xdc, line 243).
Applied set_property IO_BUFFER_TYPE = NONE for FIXED_IO_mio[53]. (constraint file  C:/Users/slippman/DonkeyKong/DonkeyKong.runs/synth_1/.Xil/Vivado-7984-ensc-pit-30/dcp27/donkey_kong_processing_system7_0_0_in_context.xdc, line 244).
Applied set_property CLOCK_BUFFER_TYPE = NONE for FIXED_IO_mio[53]. (constraint file  C:/Users/slippman/DonkeyKong/DonkeyKong.runs/synth_1/.Xil/Vivado-7984-ensc-pit-30/dcp27/donkey_kong_processing_system7_0_0_in_context.xdc, line 245).
Applied set_property IO_BUFFER_TYPE = NONE for FIXED_IO_mio[5]. (constraint file  C:/Users/slippman/DonkeyKong/DonkeyKong.runs/synth_1/.Xil/Vivado-7984-ensc-pit-30/dcp27/donkey_kong_processing_system7_0_0_in_context.xdc, line 246).
Applied set_property CLOCK_BUFFER_TYPE = NONE for FIXED_IO_mio[5]. (constraint file  C:/Users/slippman/DonkeyKong/DonkeyKong.runs/synth_1/.Xil/Vivado-7984-ensc-pit-30/dcp27/donkey_kong_processing_system7_0_0_in_context.xdc, line 247).
Applied set_property IO_BUFFER_TYPE = NONE for FIXED_IO_mio[6]. (constraint file  C:/Users/slippman/DonkeyKong/DonkeyKong.runs/synth_1/.Xil/Vivado-7984-ensc-pit-30/dcp27/donkey_kong_processing_system7_0_0_in_context.xdc, line 248).
Applied set_property CLOCK_BUFFER_TYPE = NONE for FIXED_IO_mio[6]. (constraint file  C:/Users/slippman/DonkeyKong/DonkeyKong.runs/synth_1/.Xil/Vivado-7984-ensc-pit-30/dcp27/donkey_kong_processing_system7_0_0_in_context.xdc, line 249).
Applied set_property IO_BUFFER_TYPE = NONE for FIXED_IO_mio[7]. (constraint file  C:/Users/slippman/DonkeyKong/DonkeyKong.runs/synth_1/.Xil/Vivado-7984-ensc-pit-30/dcp27/donkey_kong_processing_system7_0_0_in_context.xdc, line 250).
Applied set_property CLOCK_BUFFER_TYPE = NONE for FIXED_IO_mio[7]. (constraint file  C:/Users/slippman/DonkeyKong/DonkeyKong.runs/synth_1/.Xil/Vivado-7984-ensc-pit-30/dcp27/donkey_kong_processing_system7_0_0_in_context.xdc, line 251).
Applied set_property IO_BUFFER_TYPE = NONE for FIXED_IO_mio[8]. (constraint file  C:/Users/slippman/DonkeyKong/DonkeyKong.runs/synth_1/.Xil/Vivado-7984-ensc-pit-30/dcp27/donkey_kong_processing_system7_0_0_in_context.xdc, line 252).
Applied set_property CLOCK_BUFFER_TYPE = NONE for FIXED_IO_mio[8]. (constraint file  C:/Users/slippman/DonkeyKong/DonkeyKong.runs/synth_1/.Xil/Vivado-7984-ensc-pit-30/dcp27/donkey_kong_processing_system7_0_0_in_context.xdc, line 253).
Applied set_property IO_BUFFER_TYPE = NONE for FIXED_IO_mio[9]. (constraint file  C:/Users/slippman/DonkeyKong/DonkeyKong.runs/synth_1/.Xil/Vivado-7984-ensc-pit-30/dcp27/donkey_kong_processing_system7_0_0_in_context.xdc, line 254).
Applied set_property CLOCK_BUFFER_TYPE = NONE for FIXED_IO_mio[9]. (constraint file  C:/Users/slippman/DonkeyKong/DonkeyKong.runs/synth_1/.Xil/Vivado-7984-ensc-pit-30/dcp27/donkey_kong_processing_system7_0_0_in_context.xdc, line 255).
Applied set_property IO_BUFFER_TYPE = NONE for FIXED_IO_ps_clk. (constraint file  C:/Users/slippman/DonkeyKong/DonkeyKong.runs/synth_1/.Xil/Vivado-7984-ensc-pit-30/dcp27/donkey_kong_processing_system7_0_0_in_context.xdc, line 256).
Applied set_property CLOCK_BUFFER_TYPE = NONE for FIXED_IO_ps_clk. (constraint file  C:/Users/slippman/DonkeyKong/DonkeyKong.runs/synth_1/.Xil/Vivado-7984-ensc-pit-30/dcp27/donkey_kong_processing_system7_0_0_in_context.xdc, line 257).
Applied set_property IO_BUFFER_TYPE = NONE for FIXED_IO_ps_porb. (constraint file  C:/Users/slippman/DonkeyKong/DonkeyKong.runs/synth_1/.Xil/Vivado-7984-ensc-pit-30/dcp27/donkey_kong_processing_system7_0_0_in_context.xdc, line 258).
Applied set_property CLOCK_BUFFER_TYPE = NONE for FIXED_IO_ps_porb. (constraint file  C:/Users/slippman/DonkeyKong/DonkeyKong.runs/synth_1/.Xil/Vivado-7984-ensc-pit-30/dcp27/donkey_kong_processing_system7_0_0_in_context.xdc, line 259).
Applied set_property IO_BUFFER_TYPE = NONE for FIXED_IO_ps_srstb. (constraint file  C:/Users/slippman/DonkeyKong/DonkeyKong.runs/synth_1/.Xil/Vivado-7984-ensc-pit-30/dcp27/donkey_kong_processing_system7_0_0_in_context.xdc, line 260).
Applied set_property CLOCK_BUFFER_TYPE = NONE for FIXED_IO_ps_srstb. (constraint file  C:/Users/slippman/DonkeyKong/DonkeyKong.runs/synth_1/.Xil/Vivado-7984-ensc-pit-30/dcp27/donkey_kong_processing_system7_0_0_in_context.xdc, line 261).
Applied set_property IO_BUFFER_TYPE = NONE for AC_SDA_0. (constraint file  C:/Users/slippman/DonkeyKong/DonkeyKong.runs/synth_1/.Xil/Vivado-7984-ensc-pit-30/dcp45/donkey_kong_axi_audio_codec_0_0_in_context.xdc, line 1).
Applied set_property CLOCK_BUFFER_TYPE = NONE for AC_SDA_0. (constraint file  C:/Users/slippman/DonkeyKong/DonkeyKong.runs/synth_1/.Xil/Vivado-7984-ensc-pit-30/dcp45/donkey_kong_axi_audio_codec_0_0_in_context.xdc, line 2).
Applied set_property DONT_TOUCH = true for donkey_kong_i. (constraint file  auto generated constraint, line ).
Applied set_property DONT_TOUCH = true for donkey_kong_i/AXI_VGA_0. (constraint file  auto generated constraint, line ).
Applied set_property DONT_TOUCH = true for donkey_kong_i/Debouncer_0. (constraint file  auto generated constraint, line ).
Applied set_property DONT_TOUCH = true for donkey_kong_i/axi_audio_codec_0. (constraint file  auto generated constraint, line ).
Applied set_property DONT_TOUCH = true for donkey_kong_i/axi_dma_0. (constraint file  auto generated constraint, line ).
Applied set_property DONT_TOUCH = true for donkey_kong_i/axi_dma_1. (constraint file  auto generated constraint, line ).
Applied set_property DONT_TOUCH = true for donkey_kong_i/axi_gpio_0. (constraint file  auto generated constraint, line ).
Applied set_property DONT_TOUCH = true for donkey_kong_i/axi_smc. (constraint file  auto generated constraint, line ).
Applied set_property DONT_TOUCH = true for donkey_kong_i/processing_system7_0. (constraint file  auto generated constraint, line ).
Applied set_property DONT_TOUCH = true for donkey_kong_i/ps7_0_axi_periph. (constraint file  auto generated constraint, line ).
Applied set_property DONT_TOUCH = true for donkey_kong_i/ps7_0_axi_periph/s00_couplers/auto_pc. (constraint file  auto generated constraint, line ).
Applied set_property DONT_TOUCH = true for donkey_kong_i/ps7_0_axi_periph/xbar. (constraint file  auto generated constraint, line ).
Applied set_property DONT_TOUCH = true for donkey_kong_i/rst_ps7_0_100M. (constraint file  auto generated constraint, line ).
Applied set_property DONT_TOUCH = true for donkey_kong_i/xlconcat_0. (constraint file  auto generated constraint, line ).
---------------------------------------------------------------------------------
Finished applying 'set_property' XDC Constraints : Time (s): cpu = 00:00:17 ; elapsed = 00:00:21 . Memory (MB): peak = 787.547 ; gain = 426.652
---------------------------------------------------------------------------------
---------------------------------------------------------------------------------
Finished RTL Optimization Phase 2 : Time (s): cpu = 00:00:17 ; elapsed = 00:00:21 . Memory (MB): peak = 787.547 ; gain = 426.652
---------------------------------------------------------------------------------

Report RTL Partitions: 
+-+--------------+------------+----------+
| |RTL Partition |Replication |Instances |
+-+--------------+------------+----------+
+-+--------------+------------+----------+
---------------------------------------------------------------------------------
Start RTL Component Statistics 
---------------------------------------------------------------------------------
Detailed RTL Component Info : 
---------------------------------------------------------------------------------
Finished RTL Component Statistics 
---------------------------------------------------------------------------------
---------------------------------------------------------------------------------
Start RTL Hierarchical Component Statistics 
---------------------------------------------------------------------------------
Hierarchical RTL Component report 
---------------------------------------------------------------------------------
Finished RTL Hierarchical Component Statistics
---------------------------------------------------------------------------------
---------------------------------------------------------------------------------
Start Part Resource Summary
---------------------------------------------------------------------------------
Part Resources:
DSPs: 220 (col length:60)
BRAMs: 280 (col length: RAMB18 60 RAMB36 30)
---------------------------------------------------------------------------------
Finished Part Resource Summary
---------------------------------------------------------------------------------
---------------------------------------------------------------------------------
Start Cross Boundary and Area Optimization
---------------------------------------------------------------------------------
WARNING: [Synth 8-3331] design donkey_kong_ps7_0_axi_periph_0 has unconnected port M00_ACLK
WARNING: [Synth 8-3331] design donkey_kong_ps7_0_axi_periph_0 has unconnected port M00_ARESETN
WARNING: [Synth 8-3331] design donkey_kong_ps7_0_axi_periph_0 has unconnected port M01_ACLK
WARNING: [Synth 8-3331] design donkey_kong_ps7_0_axi_periph_0 has unconnected port M01_ARESETN
WARNING: [Synth 8-3331] design donkey_kong_ps7_0_axi_periph_0 has unconnected port M02_ACLK
WARNING: [Synth 8-3331] design donkey_kong_ps7_0_axi_periph_0 has unconnected port M02_ARESETN
---------------------------------------------------------------------------------
Finished Cross Boundary and Area Optimization : Time (s): cpu = 00:00:17 ; elapsed = 00:00:21 . Memory (MB): peak = 787.547 ; gain = 426.652
---------------------------------------------------------------------------------

Report RTL Partitions: 
+-+--------------+------------+----------+
| |RTL Partition |Replication |Instances |
+-+--------------+------------+----------+
+-+--------------+------------+----------+
---------------------------------------------------------------------------------
Start Applying XDC Timing Constraints
---------------------------------------------------------------------------------
INFO: [Synth 8-5578] Moved timing constraint from pin 'donkey_kong_i/AXI_VGA_0/s00_axis_aclk' to pin 'donkey_kong_i/processing_system7_0/bbstub_FCLK_CLK0/O'
INFO: [Synth 8-5578] Moved timing constraint from pin 'donkey_kong_i/processing_system7_0/FCLK_CLK0' to pin 'donkey_kong_i/processing_system7_0/bbstub_FCLK_CLK0/O'
INFO: [Synth 8-5819] Moved 2 constraints on hierarchical pins to their respective driving/loading pins
---------------------------------------------------------------------------------
Finished Applying XDC Timing Constraints : Time (s): cpu = 00:00:26 ; elapsed = 00:00:31 . Memory (MB): peak = 787.547 ; gain = 426.652
---------------------------------------------------------------------------------
---------------------------------------------------------------------------------
Start Timing Optimization
---------------------------------------------------------------------------------
---------------------------------------------------------------------------------
Finished Timing Optimization : Time (s): cpu = 00:00:26 ; elapsed = 00:00:31 . Memory (MB): peak = 787.547 ; gain = 426.652
---------------------------------------------------------------------------------

Report RTL Partitions: 
+-+--------------+------------+----------+
| |RTL Partition |Replication |Instances |
+-+--------------+------------+----------+
+-+--------------+------------+----------+
---------------------------------------------------------------------------------
Start Technology Mapping
---------------------------------------------------------------------------------
---------------------------------------------------------------------------------
Finished Technology Mapping : Time (s): cpu = 00:00:26 ; elapsed = 00:00:31 . Memory (MB): peak = 787.547 ; gain = 426.652
---------------------------------------------------------------------------------

Report RTL Partitions: 
+-+--------------+------------+----------+
| |RTL Partition |Replication |Instances |
+-+--------------+------------+----------+
+-+--------------+------------+----------+
---------------------------------------------------------------------------------
Start IO Insertion
---------------------------------------------------------------------------------
---------------------------------------------------------------------------------
Start Flattening Before IO Insertion
---------------------------------------------------------------------------------
---------------------------------------------------------------------------------
Finished Flattening Before IO Insertion
---------------------------------------------------------------------------------
---------------------------------------------------------------------------------
Start Final Netlist Cleanup
---------------------------------------------------------------------------------
---------------------------------------------------------------------------------
Finished Final Netlist Cleanup
---------------------------------------------------------------------------------
---------------------------------------------------------------------------------
Finished IO Insertion : Time (s): cpu = 00:00:27 ; elapsed = 00:00:32 . Memory (MB): peak = 787.547 ; gain = 426.652
---------------------------------------------------------------------------------

Report Check Netlist: 
+------+------------------+-------+---------+-------+------------------+
|      |Item              |Errors |Warnings |Status |Description       |
+------+------------------+-------+---------+-------+------------------+
|1     |multi_driven_nets |      0|        0|Passed |Multi driven nets |
+------+------------------+-------+---------+-------+------------------+
---------------------------------------------------------------------------------
Start Renaming Generated Instances
---------------------------------------------------------------------------------
---------------------------------------------------------------------------------
Finished Renaming Generated Instances : Time (s): cpu = 00:00:27 ; elapsed = 00:00:32 . Memory (MB): peak = 787.547 ; gain = 426.652
---------------------------------------------------------------------------------

Report RTL Partitions: 
+-+--------------+------------+----------+
| |RTL Partition |Replication |Instances |
+-+--------------+------------+----------+
+-+--------------+------------+----------+
---------------------------------------------------------------------------------
Start Rebuilding User Hierarchy
---------------------------------------------------------------------------------
---------------------------------------------------------------------------------
Finished Rebuilding User Hierarchy : Time (s): cpu = 00:00:27 ; elapsed = 00:00:32 . Memory (MB): peak = 787.547 ; gain = 426.652
---------------------------------------------------------------------------------
---------------------------------------------------------------------------------
Start Renaming Generated Ports
---------------------------------------------------------------------------------
---------------------------------------------------------------------------------
Finished Renaming Generated Ports : Time (s): cpu = 00:00:27 ; elapsed = 00:00:32 . Memory (MB): peak = 787.547 ; gain = 426.652
---------------------------------------------------------------------------------
---------------------------------------------------------------------------------
Start Handling Custom Attributes
---------------------------------------------------------------------------------
---------------------------------------------------------------------------------
Finished Handling Custom Attributes : Time (s): cpu = 00:00:27 ; elapsed = 00:00:32 . Memory (MB): peak = 787.547 ; gain = 426.652
---------------------------------------------------------------------------------
---------------------------------------------------------------------------------
Start Renaming Generated Nets
---------------------------------------------------------------------------------
---------------------------------------------------------------------------------
Finished Renaming Generated Nets : Time (s): cpu = 00:00:27 ; elapsed = 00:00:32 . Memory (MB): peak = 787.547 ; gain = 426.652
---------------------------------------------------------------------------------
---------------------------------------------------------------------------------
Start Writing Synthesis Report
---------------------------------------------------------------------------------

Report BlackBoxes: 
+------+-----------------------------------+----------+
|      |BlackBox name                      |Instances |
+------+-----------------------------------+----------+
|1     |donkey_kong_xbar_0                 |         1|
|2     |donkey_kong_auto_pc_0              |         1|
|3     |donkey_kong_AXI_VGA_0_0            |         1|
|4     |donkey_kong_Debouncer_0_0          |         1|
|5     |donkey_kong_axi_audio_codec_0_0    |         1|
|6     |donkey_kong_axi_dma_0_0            |         1|
|7     |donkey_kong_axi_dma_1_0            |         1|
|8     |donkey_kong_axi_gpio_0_0           |         1|
|9     |donkey_kong_axi_smc_0              |         1|
|10    |donkey_kong_processing_system7_0_0 |         1|
|11    |donkey_kong_rst_ps7_0_100M_0       |         1|
|12    |donkey_kong_xlconcat_0_0           |         1|
+------+-----------------------------------+----------+

Report Cell Usage: 
+------+------------------------------------------+------+
|      |Cell                                      |Count |
+------+------------------------------------------+------+
|1     |donkey_kong_AXI_VGA_0_0_bbox_0            |     1|
|2     |donkey_kong_Debouncer_0_0_bbox_1          |     1|
|3     |donkey_kong_auto_pc_0_bbox_8              |     1|
|4     |donkey_kong_axi_audio_codec_0_0_bbox_2    |     1|
|5     |donkey_kong_axi_dma_0_0_bbox_3            |     1|
|6     |donkey_kong_axi_dma_1_0_bbox_4            |     1|
|7     |donkey_kong_axi_gpio_0_0_bbox_5           |     1|
|8     |donkey_kong_axi_smc_0_bbox_6              |     1|
|9     |donkey_kong_processing_system7_0_0_bbox_7 |     1|
|10    |donkey_kong_rst_ps7_0_100M_0_bbox_10      |     1|
|11    |donkey_kong_xbar_0_bbox_9                 |     1|
|12    |donkey_kong_xlconcat_0_0_bbox_11          |     1|
|13    |IBUF                                      |    10|
|14    |OBUF                                      |    19|
+------+------------------------------------------+------+

Report Instance Areas: 
+------+---------------------+-------------------------------+------+
|      |Instance             |Module                         |Cells |
+------+---------------------+-------------------------------+------+
|1     |top                  |                               |  1396|
|2     |  donkey_kong_i      |donkey_kong                    |  1367|
|3     |    ps7_0_axi_periph |donkey_kong_ps7_0_axi_periph_0 |   551|
|4     |      s00_couplers   |s00_couplers_imp_1GOEAR0       |   177|
+------+---------------------+-------------------------------+------+
---------------------------------------------------------------------------------
Finished Writing Synthesis Report : Time (s): cpu = 00:00:27 ; elapsed = 00:00:32 . Memory (MB): peak = 787.547 ; gain = 426.652
---------------------------------------------------------------------------------
Synthesis finished with 0 errors, 0 critical warnings and 6 warnings.
Synthesis Optimization Runtime : Time (s): cpu = 00:00:15 ; elapsed = 00:00:23 . Memory (MB): peak = 787.547 ; gain = 139.258
Synthesis Optimization Complete : Time (s): cpu = 00:00:27 ; elapsed = 00:00:32 . Memory (MB): peak = 787.547 ; gain = 426.652
INFO: [Project 1-571] Translating synthesized netlist
INFO: [Netlist 29-17] Analyzing 10 Unisim elements for replacement
INFO: [Netlist 29-28] Unisim Transformation completed in 0 CPU seconds
INFO: [Project 1-570] Preparing netlist for logic optimization
INFO: [Opt 31-138] Pushed 0 inverter(s) to 0 load pin(s).
INFO: [Project 1-111] Unisim Transformation Summary:
No Unisim elements were transformed.

INFO: [Common 17-83] Releasing license: Synthesis
57 Infos, 24 Warnings, 0 Critical Warnings and 0 Errors encountered.
synth_design completed successfully
synth_design: Time (s): cpu = 00:00:28 ; elapsed = 00:00:34 . Memory (MB): peak = 798.633 ; gain = 444.688
INFO: [Common 17-1381] The checkpoint 'C:/Users/slippman/DonkeyKong/DonkeyKong.runs/synth_1/donkey_kong_wrapper.dcp' has been generated.
INFO: [runtcl-4] Executing : report_utilization -file donkey_kong_wrapper_utilization_synth.rpt -pb donkey_kong_wrapper_utilization_synth.pb
report_utilization: Time (s): cpu = 00:00:00 ; elapsed = 00:00:00.036 . Memory (MB): peak = 798.633 ; gain = 0.000
INFO: [Common 17-206] Exiting Vivado at Mon Apr  2 19:43:40 2018...
