
*** Running vivado
    with args -log donkey_kong_proc_sys_reset_0_0.vds -m64 -product Vivado -mode batch -messageDb vivado.pb -notrace -source donkey_kong_proc_sys_reset_0_0.tcl


****** Vivado v2017.3 (64-bit)
  **** SW Build 2018833 on Wed Oct  4 19:58:22 MDT 2017
  **** IP Build 2016188 on Wed Oct  4 21:52:56 MDT 2017
    ** Copyright 1986-2017 Xilinx, Inc. All Rights Reserved.

source donkey_kong_proc_sys_reset_0_0.tcl -notrace
Starting RTL Elaboration : Time (s): cpu = 00:00:06 ; elapsed = 00:00:08 . Memory (MB): peak = 403.980 ; gain = 96.008
INFO: [Synth 8-638] synthesizing module 'donkey_kong_proc_sys_reset_0_0' [c:/Users/slippman/DonkeyKong/DonkeyKong.srcs/sources_1/bd/donkey_kong/ip/donkey_kong_proc_sys_reset_0_0/synth/donkey_kong_proc_sys_reset_0_0.vhd:74]
INFO: [Synth 8-638] synthesizing module 'proc_sys_reset' [c:/Users/slippman/DonkeyKong/DonkeyKong.srcs/sources_1/bd/donkey_kong/ipshared/f86a/hdl/proc_sys_reset_v5_0_vh_rfs.vhd:1323]
INFO: [Synth 8-638] synthesizing module 'lpf' [c:/Users/slippman/DonkeyKong/DonkeyKong.srcs/sources_1/bd/donkey_kong/ipshared/f86a/hdl/proc_sys_reset_v5_0_vh_rfs.vhd:816]
INFO: [Synth 8-638] synthesizing module 'SRL16' [C:/Xilinx/Vivado/2017.3/scripts/rt/data/unisim_comp.v:50689]
INFO: [Synth 8-256] done synthesizing module 'SRL16' (1#1) [C:/Xilinx/Vivado/2017.3/scripts/rt/data/unisim_comp.v:50689]
INFO: [Synth 8-638] synthesizing module 'cdc_sync' [c:/Users/slippman/DonkeyKong/DonkeyKong.srcs/sources_1/bd/donkey_kong/ipshared/ef1e/hdl/lib_cdc_v1_0_rfs.vhd:106]
INFO: [Synth 8-256] done synthesizing module 'cdc_sync' (2#1) [c:/Users/slippman/DonkeyKong/DonkeyKong.srcs/sources_1/bd/donkey_kong/ipshared/ef1e/hdl/lib_cdc_v1_0_rfs.vhd:106]
INFO: [Synth 8-256] done synthesizing module 'lpf' (3#1) [c:/Users/slippman/DonkeyKong/DonkeyKong.srcs/sources_1/bd/donkey_kong/ipshared/f86a/hdl/proc_sys_reset_v5_0_vh_rfs.vhd:816]
INFO: [Synth 8-638] synthesizing module 'sequence_psr' [c:/Users/slippman/DonkeyKong/DonkeyKong.srcs/sources_1/bd/donkey_kong/ipshared/f86a/hdl/proc_sys_reset_v5_0_vh_rfs.vhd:301]
INFO: [Synth 8-638] synthesizing module 'upcnt_n' [c:/Users/slippman/DonkeyKong/DonkeyKong.srcs/sources_1/bd/donkey_kong/ipshared/f86a/hdl/proc_sys_reset_v5_0_vh_rfs.vhd:125]
INFO: [Synth 8-256] done synthesizing module 'upcnt_n' (4#1) [c:/Users/slippman/DonkeyKong/DonkeyKong.srcs/sources_1/bd/donkey_kong/ipshared/f86a/hdl/proc_sys_reset_v5_0_vh_rfs.vhd:125]
INFO: [Synth 8-256] done synthesizing module 'sequence_psr' (5#1) [c:/Users/slippman/DonkeyKong/DonkeyKong.srcs/sources_1/bd/donkey_kong/ipshared/f86a/hdl/proc_sys_reset_v5_0_vh_rfs.vhd:301]
INFO: [Synth 8-256] done synthesizing module 'proc_sys_reset' (6#1) [c:/Users/slippman/DonkeyKong/DonkeyKong.srcs/sources_1/bd/donkey_kong/ipshared/f86a/hdl/proc_sys_reset_v5_0_vh_rfs.vhd:1323]
INFO: [Synth 8-256] done synthesizing module 'donkey_kong_proc_sys_reset_0_0' (7#1) [c:/Users/slippman/DonkeyKong/DonkeyKong.srcs/sources_1/bd/donkey_kong/ip/donkey_kong_proc_sys_reset_0_0/synth/donkey_kong_proc_sys_reset_0_0.vhd:74]
Finished RTL Elaboration : Time (s): cpu = 00:00:07 ; elapsed = 00:00:09 . Memory (MB): peak = 446.438 ; gain = 138.465
Finished RTL Optimization Phase 1 : Time (s): cpu = 00:00:08 ; elapsed = 00:00:09 . Memory (MB): peak = 446.438 ; gain = 138.465
INFO: [Device 21-403] Loading part xc7z020clg484-1
Constraint Validation Runtime : Time (s): cpu = 00:00:00 ; elapsed = 00:00:00.015 . Memory (MB): peak = 777.816 ; gain = 0.000
Finished Constraint Validation : Time (s): cpu = 00:00:19 ; elapsed = 00:00:46 . Memory (MB): peak = 777.816 ; gain = 469.844
Finished Loading Part and Timing Information : Time (s): cpu = 00:00:19 ; elapsed = 00:00:46 . Memory (MB): peak = 777.816 ; gain = 469.844
Finished applying 'set_property' XDC Constraints : Time (s): cpu = 00:00:19 ; elapsed = 00:00:46 . Memory (MB): peak = 777.816 ; gain = 469.844
Finished RTL Optimization Phase 2 : Time (s): cpu = 00:00:19 ; elapsed = 00:00:46 . Memory (MB): peak = 777.816 ; gain = 469.844
Finished Cross Boundary and Area Optimization : Time (s): cpu = 00:00:20 ; elapsed = 00:00:47 . Memory (MB): peak = 777.816 ; gain = 469.844
Finished Applying XDC Timing Constraints : Time (s): cpu = 00:00:31 ; elapsed = 00:00:58 . Memory (MB): peak = 777.816 ; gain = 469.844
Finished Timing Optimization : Time (s): cpu = 00:00:31 ; elapsed = 00:00:58 . Memory (MB): peak = 777.816 ; gain = 469.844
Finished Technology Mapping : Time (s): cpu = 00:00:31 ; elapsed = 00:00:58 . Memory (MB): peak = 777.816 ; gain = 469.844
Finished IO Insertion : Time (s): cpu = 00:00:32 ; elapsed = 00:00:59 . Memory (MB): peak = 777.816 ; gain = 469.844
Finished Renaming Generated Instances : Time (s): cpu = 00:00:32 ; elapsed = 00:00:59 . Memory (MB): peak = 777.816 ; gain = 469.844
Finished Rebuilding User Hierarchy : Time (s): cpu = 00:00:32 ; elapsed = 00:00:59 . Memory (MB): peak = 777.816 ; gain = 469.844
Finished Renaming Generated Ports : Time (s): cpu = 00:00:32 ; elapsed = 00:00:59 . Memory (MB): peak = 777.816 ; gain = 469.844
Finished Handling Custom Attributes : Time (s): cpu = 00:00:32 ; elapsed = 00:00:59 . Memory (MB): peak = 777.816 ; gain = 469.844
Finished Renaming Generated Nets : Time (s): cpu = 00:00:32 ; elapsed = 00:00:59 . Memory (MB): peak = 777.816 ; gain = 469.844

Report Cell Usage: 
+------+------+------+
|      |Cell  |Count |
+------+------+------+
|1     |LUT1  |     5|
|2     |LUT2  |     9|
|3     |LUT3  |     1|
|4     |LUT4  |     6|
|5     |LUT5  |     3|
|6     |LUT6  |     1|
|7     |SRL16 |     1|
|8     |FDR   |     8|
|9     |FDRE  |    28|
|10    |FDSE  |     4|
+------+------+------+
Finished Writing Synthesis Report : Time (s): cpu = 00:00:32 ; elapsed = 00:00:59 . Memory (MB): peak = 777.816 ; gain = 469.844
synth_design: Time (s): cpu = 00:00:34 ; elapsed = 00:01:00 . Memory (MB): peak = 777.816 ; gain = 477.488
